Node memory for rank-1 cuts will be used (8.00478)
~~~~~~~~~~~~~~~~~~~~~~~~~~~~~~~~~~~~~~~~~~~~~~~~~~~~~~~~~~~~~~~~~~~~~~~~~~~~~~~~~~~~~
VRPSolver v0.5.26, 18/01/2023, © Inria Bordeaux, France, vrpsolver.math.u-bordeaux.fr
      Corresponds to the solver by Pessoa, Sadykov, Uchoa and Vanderbeck (2020)
                 Paper: dx.doi.org/10.1007/s10107-020-01523-z
~~~~~~~~~~~~~~~~~~~~~~~~~~~~~~~~~~~~~~~~~~~~~~~~~~~~~~~~~~~~~~~~~~~~~~~~~~~~~~~~~~~~~
   BaPCod v0.76.1, 20/02/2023, © Inria Bordeaux, France, bapcod.math.u-bordeaux.fr 
           USE THIS CODE ONLY FOR ACADEMIC PURPOSES AT YOUR OWN RISK
~~~~~~~~~~~~~~~~~~~~~~~~~~~~~~~~~~~~~~~~~~~~~~~~~~~~~~~~~~~~~~~~~~~~~~~~~~~~~~~~~~~~~
Bucket steps were recalculated for graph G_1 : [4]
RCSP solver info : symmetric case is detected for graph G_1! 
Bidirectional border value is initialised to 50
RCSP solver info : number of forw. reachable buckets / buck. strongly connected components is 1689( 94.1472% ) / 1314( 77.7975% )
Generating neighbourhoods for rank-1 cuts separation
Building structures for 4- and 5-row rank-1 packing cut separation...done!
Model is built TIME = 0h0m0s4t = 4
************************************************************************************************
**** BaB tree root node
**** Local DB = -1e+12, global bounds : [ -1e+12 , 1292.1 ], TIME = 0h0m0s4t = 4
**** 1 open nodes, 0 columns (0 active), 0 dyn. constrs. (0 active), 136 art. vars. (136 active)
************************************************************************************************
#<DWph=2> <it=  1> <et=0.05> <Mt= 0.00> <Spt= 0.00> <nCl= 30> <al=0.00> <DB=-198370.3379> <Mlp= 6618.6376> <PB=1292.1> 
#<DWph=2> <it=  2> <et=0.05> <Mt= 0.00> <Spt= 0.01> <nCl= 30> <al=0.55> <DB=-208598.0247> <Mlp= 6488.6377> <PB=1292.1> 
#<DWph=2> <it=  3> <et=0.06> <Mt= 0.00> <Spt= 0.00> <nCl= 30> <al=0.60> <DB=-183968.4412> <Mlp= 6439.8995> <PB=1292.1> 
#<DWph=2> <it=  4> <et=0.07> <Mt= 0.00> <Spt= 0.01> <nCl= 30> <al=0.50> <DB=-133696.9197> <Mlp= 6349.8613> <PB=1292.1> 
#<DWph=2> <it=  5> <et=0.07> <Mt= 0.00> <Spt= 0.01> <nCl= 30> <al=0.55> <DB=-134253.8499> <Mlp= 6219.4136> <PB=1292.1> 
#<DWph=2> <it=  6> <et=0.08> <Mt= 0.00> <Spt= 0.00> <nCl= 30> <al=0.59> <DB=-109222.5405> <Mlp= 6035.5819> <PB=1292.1> 
#<DWph=2> <it=  7> <et=0.09> <Mt= 0.00> <Spt= 0.01> <nCl= 30> <al=0.49> <DB=-93430.4132> <Mlp= 5893.4015> <PB=1292.1> 
#<DWph=2> <it=  8> <et=0.09> <Mt= 0.00> <Spt= 0.01> <nCl= 30> <al=0.54> <DB=-77155.3216> <Mlp= 5660.2848> <PB=1292.1> 
#<DWph=2> <it=  9> <et=0.10> <Mt= 0.00> <Spt= 0.00> <nCl= 30> <al=0.59> <DB=-73023.4208> <Mlp= 5592.4054> <PB=1292.1> 
#<DWph=2> <it= 10> <et=0.11> <Mt= 0.00> <Spt= 0.01> <nCl= 30> <al=0.49> <DB=-62174.4269> <Mlp= 5419.7711> <PB=1292.1> 
#<DWph=2> <it= 11> <et=0.12> <Mt= 0.00> <Spt= 0.01> <nCl= 30> <al=0.54> <DB=-59877.1457> <Mlp= 5372.4500> <PB=1292.1> 
#<DWph=2> <it= 12> <et=0.12> <Mt= 0.00> <Spt= 0.00> <nCl= 30> <al=0.59> <DB=-59716.4806> <Mlp= 5123.2546> <PB=1292.1> 
#<DWph=2> <it= 13> <et=0.13> <Mt= 0.00> <Spt= 0.01> <nCl= 30> <al=0.63> <DB=-50128.3559> <Mlp= 4727.5351> <PB=1292.1> 
#<DWph=2> <it= 14> <et=0.14> <Mt= 0.00> <Spt= 0.01> <nCl= 30> <al=0.66> <DB=-48562.3648> <Mlp= 4309.2101> <PB=1292.1> 
#<DWph=2> <it= 15> <et=0.14> <Mt= 0.00> <Spt= 0.00> <nCl= 30> <al=0.70> <DB=-44037.2380> <Mlp= 3975.7303> <PB=1292.1> 
#<DWph=2> <it= 16> <et=0.15> <Mt= 0.00> <Spt= 0.01> <nCl= 30> <al=0.73> <DB=-39375.7033> <Mlp= 3738.9635> <PB=1292.1> 
#<DWph=2> <it= 17> <et=0.16> <Mt= 0.01> <Spt= 0.00> <nCl= 30> <al=0.75> <DB=-33744.7451> <Mlp= 3590.5003> <PB=1292.1> 
#<DWph=2> <it= 18> <et=0.17> <Mt= 0.00> <Spt= 0.01> <nCl= 30> <al=0.78> <DB=-31025.4222> <Mlp= 3504.0881> <PB=1292.1> 
#<DWph=2> <it= 19> <et=0.18> <Mt= 0.00> <Spt= 0.01> <nCl= 30> <al=0.80> <DB=-26304.3498> <Mlp= 3307.0414> <PB=1292.1> 
#<DWph=2> <it= 20> <et=0.18> <Mt= 0.00> <Spt= 0.00> <nCl= 30> <al=0.70> <DB=-23845.4673> <Mlp= 2892.6964> <PB=1292.1> 
#<DWph=2> <it= 21> <et=0.19> <Mt= 0.00> <Spt= 0.01> <nCl= 30> <al=0.73> <DB=-22415.6656> <Mlp= 2536.9079> <PB=1292.1> 
#<DWph=2> <it= 22> <et=0.20> <Mt= 0.01> <Spt= 0.00> <nCl= 30> <al=0.76> <DB=-18394.4883> <Mlp= 2394.6030> <PB=1292.1> 
#<DWph=2> <it= 23> <et=0.21> <Mt= 0.00> <Spt= 0.01> <nCl= 30> <al=0.66> <DB=-18925.1531> <Mlp= 2163.0320> <PB=1292.1> 
#<DWph=2> <it= 24> <et=0.22> <Mt= 0.00> <Spt= 0.01> <nCl= 30> <al=0.69> <DB=-15136.1822> <Mlp= 1810.7269> <PB=1292.1> 
#<DWph=2> <it= 25> <et=0.23> <Mt= 0.01> <Spt= 0.00> <nCl= 30> <al=0.72> <DB=-12817.8832> <Mlp= 1712.6664> <PB=1292.1> 
#<DWph=2> <it= 26> <et=0.24> <Mt= 0.00> <Spt= 0.01> <nCl= 29> <al=0.75> <DB=-8808.1482> <Mlp= 1617.5561> <PB=1292.1> 
#<DWph=2> <it= 27> <et=0.25> <Mt= 0.00> <Spt= 0.01> <nCl= 30> <al=0.65> <DB=-6093.0136> <Mlp= 1558.9709> <PB=1292.1> 
#<DWph=2> <it= 28> <et=0.26> <Mt= 0.01> <Spt= 0.00> <nCl= 30> <al=0.55> <DB=-2489.7806> <Mlp= 1474.5811> <PB=1292.1> 
#<DWph=2> <it= 29> <et=0.27> <Mt= 0.00> <Spt= 0.01> <nCl= 30> <al=0.45> <DB=-1595.8691> <Mlp= 1417.8091> <PB=1292.1> 
#<DWph=2> <it= 30> <et=0.28> <Mt= 0.00> <Spt= 0.00> <nCl= 30> <al=0.51> <DB=-1607.1776> <Mlp= 1392.2390> <PB=1292.1> 
#<DWph=2> <it= 31> <et=0.29> <Mt= 0.00> <Spt= 0.01> <nCl= 30> <al=0.56> <DB=-3110.4657> <Mlp= 1357.1097> <PB=1292.1> 
#<DWph=2> <it= 32> <et=0.29> <Mt= 0.01> <Spt= 0.01> <nCl= 30> <al=0.60> <DB= -186.6011> <Mlp= 1352.2428> <PB=1292.1> 
#<DWph=2> <it= 33> <et=0.30> <Mt= 0.00> <Spt= 0.00> <nCl= 30> <al=0.64> <DB=  772.0453> <Mlp= 1332.6879> <PB=1292.1> 
#<DWph=2> <it= 34> <et=0.31> <Mt= 0.00> <Spt= 0.01> <nCl= 30> <al=0.54> <DB= 1023.2282> <Mlp= 1307.2553> <PB=1292.1> 
#<DWph=2> <it= 35> <et=0.32> <Mt= 0.00> <Spt= 0.01> <nCl= 30> <al=0.59> <DB= 1008.6220> <Mlp= 1281.8711> <PB=1292.1> 
#<DWph=2> <it= 36> <et=0.33> <Mt= 0.01> <Spt= 0.00> <nCl= 30> <al=0.63> <DB= 1042.3512> <Mlp= 1272.8209> <PB=1292.1> 
#<DWph=2> <it= 37> <et=0.34> <Mt= 0.00> <Spt= 0.01> <nCl= 30> <al=0.66> <DB= 1047.2903> <Mlp= 1264.1171> <PB=1292.1> 
#<DWph=2> <it= 38> <et=0.35> <Mt= 0.00> <Spt= 0.00> <nCl= 30> <al=0.70> <DB= 1043.1810> <Mlp= 1257.9987> <PB=1292.1> 
#<DWph=2> <it= 39> <et=0.35> <Mt= 0.00> <Spt= 0.01> <nCl= 30> <al=0.73> <DB= 1078.8218> <Mlp= 1250.9313> <PB=1292.1> 
#<DWph=2> <it= 40> <et=0.36> <Mt= 0.00> <Spt= 0.01> <nCl= 30> <al=0.63> <DB= 1077.2394> <Mlp= 1243.6081> <PB=1292.1> 
#<DWph=2> <it= 41> <et=0.37> <Mt= 0.01> <Spt= 0.00> <nCl= 30> <al=0.67> <DB= 1069.7989> <Mlp= 1237.7144> <PB=1292.1> 
#<DWph=2> <it= 42> <et=0.38> <Mt= 0.00> <Spt= 0.01> <nCl= 22> <al=0.70> <DB= 1126.3357> <Mlp= 1228.7938> <PB=1292.1> 
<DWph=2> <it= 43> <et=0.39> <Mt= 0.00> <Spt= 0.00> <nCl= 30> <al=0.60> <DB= 1116.7358> <Mlp= 1225.1901> <PB=1292.1> 
<DWph=2> <it= 44> <et=0.40> <Mt= 0.00> <Spt= 0.01> <nCl= 30> <al=0.64> <DB= 1164.2300> <Mlp= 1221.8226> <PB=1292.1> 
<DWph=2> <it= 45> <et=0.40> <Mt= 0.01> <Spt= 0.01> <nCl= 23> <al=0.68> <DB= 1152.2015> <Mlp= 1216.8528> <PB=1292.1> 
<DWph=2> <it= 46> <et=0.41> <Mt= 0.00> <Spt= 0.00> <nCl= 16> <al=0.71> <DB= 1118.2814> <Mlp= 1214.7994> <PB=1292.1> 
<DWph=2> <it= 47> <et=0.42> <Mt= 0.00> <Spt= 0.01> <nCl= 17> <al=0.74> <DB= 1181.6625> <Mlp= 1213.9085> <PB=1292.1> 
<DWph=2> <it= 48> <et=0.43> <Mt= 0.00> <Spt= 0.00> <nCl= 23> <al=0.76> <DB= 1174.9840> <Mlp= 1212.8024> <PB=1292.1> 
<DWph=2> <it= 49> <et=0.43> <Mt= 0.00> <Spt= 0.01> <nCl= 13> <al=0.79> <DB= 1181.6789> <Mlp= 1210.7918> <PB=1292.1> 
<DWph=2> <it= 50> <et=0.44> <Mt= 0.00> <Spt= 0.01> <nCl= 16> <al=0.69> <DB= 1182.0564> <Mlp= 1209.5547> <PB=1292.1> 
<DWph=2> <it= 51> <et=0.45> <Mt= 0.00> <Spt= 0.00> <nCl= 17> <al=0.72> <DB= 1184.8542> <Mlp= 1208.3605> <PB=1292.1> 
<DWph=2> <it= 52> <et=0.46> <Mt= 0.00> <Spt= 0.01> <nCl=  7> <al=0.75> <DB= 1190.6337> <Mlp= 1207.6362> <PB=1292.1> 
<DWph=2> <it= 53> <et=0.46> <Mt= 0.01> <Spt= 0.00> <nCl= 11> <al=0.65> <DB= 1199.5450> <Mlp= 1207.6362> <PB=1292.1> 
<DWph=2> <it= 54> <et=0.47> <Mt= 0.00> <Spt= 0.01> <nCl=  9> <al=0.55> <DB= 1191.6765> <Mlp= 1207.5462> <PB=1292.1> 
<DWph=2> <it= 55> <et=0.48> <Mt= 0.00> <Spt= 0.01> <nCl=  7> <al=0.59> <DB= 1188.8138> <Mlp= 1205.8975> <PB=1292.1> 
<DWph=2> <it= 56> <et=0.48> <Mt= 0.00> <Spt= 0.00> <nCl=  6> <al=0.49> <DB= 1180.7288> <Mlp= 1205.6461> <PB=1292.1> 
<DWph=2> <it= 57> <et=0.50> <Mt= 0.00> <Spt= 0.01> <nCl=  9> <al=0.09> <DB= 1196.4534> <Mlp= 1205.5033> <PB=1292.1> 
<DWph=2> <it= 58> <et=0.51> <Mt= 0.00> <Spt= 0.02> <nCl= 17> <al=0.00> <DB= 1167.5747> <Mlp= 1205.3604> <PB=1292.1> 
<DWph=2> <it= 59> <et=0.52> <Mt= 0.00> <Spt= 0.00> <nCl=  6> <al=0.34> <DB= 1195.1691> <Mlp= 1205.1471> <PB=1292.1> 
<DWph=2> <it= 60> <et=0.53> <Mt= 0.00> <Spt= 0.01> <nCl= 21> <al=0.00> <DB= 1177.9528> <Mlp= 1204.9528> <PB=1292.1> 
<DWph=2> <it= 61> <et=0.53> <Mt= 0.00> <Spt= 0.00> <nCl=  0> <al=0.31> <DB= 1177.9528> <Mlp= 1204.1313> <PB=1292.1> 
<DWph=1> <it= 62> <et=0.54> <Mt= 0.00> <Spt= 0.02> <nCl= 25> <al=0.31> <DB= 1177.4469> <Mlp= 1204.1313> <PB=1292.1> 
<DWph=1> <it= 63> <et=0.56> <Mt= 0.01> <Spt= 0.01> <nCl= 23> <al=0.21> <DB= 1164.3419> <Mlp= 1201.8841> <PB=1292.1> 
<DWph=1> <it= 64> <et=0.57> <Mt= 0.00> <Spt= 0.01> <nCl= 14> <al=0.29> <DB= 1190.2610> <Mlp= 1200.7625> <PB=1292.1> 
<DWph=1> <it= 65> <et=0.59> <Mt= 0.00> <Spt= 0.01> <nCl= 11> <al=0.19> <DB= 1191.4301> <Mlp= 1200.1201> <PB=1292.1> 
<DWph=1> <it= 66> <et=0.60> <Mt= 0.00> <Spt= 0.01> <nCl=  7> <al=0.09> <DB= 1182.1395> <Mlp= 1200.0197> <PB=1292.1> 
<DWph=1> <it= 67> <et=0.62> <Mt= 0.00> <Spt= 0.03> <nCl= 19> <al=0.00> <DB= 1198.6020> <Mlp= 1199.9656> <PB=1292.1> 
<DWph=1> <it= 68> <et=0.65> <Mt= 0.00> <Spt= 0.02> <nCl=  1> <al=0.00> <DB= 1199.9656> <Mlp= 1199.9656> <PB=1292.1> 
    RCSP exact solver info for graph G_1 : TT = 0.035402, pt = 3.1e-05, dt = 0.031447, ct = 0.003439, ndl = 6', bdl = 210', odl = 3', odf = 25', bsi = 1', cnt = 20', bdch = 2381', odch = 49', lcp = 94', #sols = 150
<DWph=0> <it= 69> <et=0.69> <Mt= 0.00> <Spt= 0.04> <nCl=144> <al=0.00> <DB= 1181.0363> <Mlp= 1199.9656> <PB=1292.1> 
    RCSP exact solver info for graph G_1 : TT = 0.029002, pt = 5.5e-05, dt = 0.02464, ct = 0.00374, ndl = 6', bdl = 219', odl = 3', odf = 26', bsi = 1', cnt = 22', bdch = 2582', odch = 52', lcp = 107', #sols = 150
<DWph=0> <it= 70> <et=0.72> <Mt= 0.00> <Spt= 0.03> <nCl=119> <al=0.08> <DB= 1183.0704> <Mlp= 1199.1624> <PB=1292.1> 
    RCSP exact solver info for graph G_1 : TT = 0.028555, pt = 6.7e-05, dt = 0.0244, ct = 0.003573, ndl = 6', bdl = 221', odl = 3', odf = 26', bsi = 1', cnt = 19', bdch = 2630', odch = 53', lcp = 111', #sols = 150
<DWph=0> <it= 71> <et=0.75> <Mt= 0.00> <Spt= 0.03> <nCl= 63> <al=0.17> <DB= 1196.3705> <Mlp= 1199.1477> <PB=1292.1> 
    RCSP exact solver info for graph G_1 : TT = 0.027548, pt = 5.9e-05, dt = 0.02344, ct = 0.003532, ndl = 6', bdl = 211', odl = 3', odf = 26', bsi = 1', cnt = 19', bdch = 2472', odch = 52', lcp = 96', #sols = 150
    RCSP exact solver info for graph G_1 : TT = 0.027887, pt = 4.8e-05, dt = 0.023726, ct = 0.003609, ndl = 6', bdl = 214', odl = 3', odf = 26', bsi = 1', cnt = 19', bdch = 2520', odch = 53', lcp = 97', #sols = 150
<DWph=0> <it= 72> <et=0.82> <Mt= 0.01> <Spt= 0.06> <nCl= 84> <al=0.00> <DB= 1199.1477> <Mlp= 1199.1477> <PB=1292.1> 
Dynamic params and stats :  aver.obdmd = 23.4928 aver.buck.num. = 26
@@ 1 0 1199.15 0.0291092 0.034886 85.7163 0.82
Labels distribution in buckets (bucket size) : largest - 59, top 0.1% - 59, top 0.5% - 53, top 2% - 40, top 10% - 24, top 50% - 4
Reduced cost fixing for graph G_1... 83551 buck. arcs remain (87.5% from prev., 75% from max.) + 3386 jump buck. arcs (3.04% from max.)
 TT = 0.300628, pt = 0.017854, dt = 0.197031, ct = 0.085402, ndl = 34', bdl = 1203', odl = 8', odf = 146', lpcb = 394', cnt = 2740', bdch = 37095', odch = 1027', lcp = 981'
Labels distribution in buckets (bucket size) : largest - 63, top 0.1% - 63, top 0.5% - 54, top 2% - 45, top 10% - 25, top 50% - 4
Run forward enumeration with border = 50... not succeeded (ratio 0.976692) lpt = 0.007598, ndl = 8', dl = 0', lpcb = 4', dch = 8'
 TT = 0.01244, pt = 0.003406, dt = 0.007598, ct = 0, ndl = 8', bdl = 0', lpcb = 4', cnt = 45', bdch = 8', odch = 0', lcp = 0'
ColGenEvalAlg final dual bound: 1199.15 (rounded: 1200)
In total 16 RCC cut(s) are found by the connected components heuristic 
Shrinking heuristic shrunk 15 edges
In total 12 RCC cut(s) are found by the Fractional capacity min-cut heuristic 
In total 30 RCC cut(s) are found by the greedy construction heuristic 
----- Add fac. cuts : CAP(58), max.viol = 0.962149, aver.viol = 0.316772, sep/add took 0.0120868/0.0333994 sec. -----
2039 columns (2039 active), 58 dyn. constrs. (58 active), 194 art. vars. (194 active)
#<DWph=2> <it=  1> <et=1.20> <Mt= 0.01> <Spt= 0.01> <nCl= 14> <al=0.50> <DB= 1230.9753> <Mlp= 1280.1219> <PB=1292.1> 
#<DWph=2> <it=  2> <et=1.22> <Mt= 0.01> <Spt= 0.01> <nCl= 30> <al=0.55> <DB= 1149.3915> <Mlp= 1272.6390> <PB=1292.1> 
#<DWph=2> <it=  3> <et=1.24> <Mt= 0.01> <Spt= 0.01> <nCl= 17> <al=0.60> <DB= 1234.1702> <Mlp= 1257.2120> <PB=1292.1> 
#<DWph=2> <it=  4> <et=1.25> <Mt= 0.00> <Spt= 0.00> <nCl= 16> <al=0.64> <DB= 1226.0774> <Mlp= 1255.3267> <PB=1292.1> 
<DWph=2> <it=  5> <et=1.26> <Mt= 0.01> <Spt= 0.01> <nCl= 12> <al=0.67> <DB= 1224.1947> <Mlp= 1253.1606> <PB=1292.1> 
<DWph=2> <it=  6> <et=1.28> <Mt= 0.01> <Spt= 0.01> <nCl=  4> <al=0.70> <DB= 1240.7558> <Mlp= 1252.3133> <PB=1292.1> 
<DWph=2> <it=  7> <et=1.29> <Mt= 0.00> <Spt= 0.00> <nCl=  7> <al=0.73> <DB= 1233.8977> <Mlp= 1252.3124> <PB=1292.1> 
<DWph=2> <it=  8> <et=1.30> <Mt= 0.00> <Spt= 0.01> <nCl=  3> <al=0.76> <DB= 1242.7391> <Mlp= 1252.1342> <PB=1292.1> 
<DWph=2> <it=  9> <et=1.31> <Mt= 0.01> <Spt= 0.01> <nCl=  4> <al=0.66> <DB= 1233.1311> <Mlp= 1251.9012> <PB=1292.1> 
<DWph=2> <it= 10> <et=1.32> <Mt= 0.00> <Spt= 0.01> <nCl= 10> <al=0.39> <DB= 1241.4501> <Mlp= 1251.9012> <PB=1292.1> 
<DWph=2> <it= 11> <et=1.33> <Mt= 0.00> <Spt= 0.01> <nCl=  6> <al=0.59> <DB= 1242.7490> <Mlp= 1251.8152> <PB=1292.1> 
<DWph=2> <it= 12> <et=1.35> <Mt= 0.01> <Spt= 0.00> <nCl=  7> <al=0.64> <DB= 1249.0434> <Mlp= 1251.3683> <PB=1292.1> 
<DWph=2> <it= 13> <et=1.36> <Mt= 0.00> <Spt= 0.01> <nCl= 12> <al=0.67> <DB= 1244.6425> <Mlp= 1251.3485> <PB=1292.1> 
<DWph=2> <it= 14> <et=1.36> <Mt= 0.00> <Spt= 0.01> <nCl=  3> <al=0.70> <DB= 1243.8067> <Mlp= 1251.3235> <PB=1292.1> 
<DWph=2> <it= 15> <et=1.38> <Mt= 0.01> <Spt= 0.01> <nCl=  5> <al=0.47> <DB= 1249.0390> <Mlp= 1251.2223> <PB=1292.1> 
<DWph=2> <it= 16> <et=1.40> <Mt= 0.00> <Spt= 0.01> <nCl=  3> <al=0.27> <DB= 1232.8375> <Mlp= 1251.2149> <PB=1292.1> 
<DWph=2> <it= 17> <et=1.41> <Mt= 0.00> <Spt= 0.01> <nCl= 10> <al=0.07> <DB= 1250.6761> <Mlp= 1251.1457> <PB=1292.1> 
<DWph=2> <it= 18> <et=1.43> <Mt= 0.01> <Spt= 0.02> <nCl=  7> <al=0.00> <DB= 1251.1452> <Mlp= 1251.1452> <PB=1292.1> 
<DWph=1> <it= 19> <et=1.44> <Mt= 0.00> <Spt= 0.01> <nCl= 25> <al=0.33> <DB= 1231.2231> <Mlp= 1251.1452> <PB=1292.1> 
<DWph=1> <it= 20> <et=1.46> <Mt= 0.00> <Spt= 0.01> <nCl= 13> <al=0.40> <DB= 1232.2956> <Mlp= 1250.1062> <PB=1292.1> 
<DWph=1> <it= 21> <et=1.48> <Mt= 0.01> <Spt= 0.01> <nCl= 12> <al=0.46> <DB= 1239.1655> <Mlp= 1249.9848> <PB=1292.1> 
<DWph=1> <it= 22> <et=1.49> <Mt= 0.00> <Spt= 0.02> <nCl= 15> <al=0.36> <DB= 1242.5473> <Mlp= 1249.7760> <PB=1292.1> 
<DWph=1> <it= 23> <et=1.51> <Mt= 0.01> <Spt= 0.01> <nCl=  8> <al=0.42> <DB= 1246.4473> <Mlp= 1249.5517> <PB=1292.1> 
<DWph=1> <it= 24> <et=1.54> <Mt= 0.00> <Spt= 0.02> <nCl= 15> <al=0.00> <DB= 1245.0606> <Mlp= 1249.5398> <PB=1292.1> 
<DWph=1> <it= 25> <et=1.55> <Mt= 0.00> <Spt= 0.01> <nCl=  9> <al=0.22> <DB= 1247.0855> <Mlp= 1249.5199> <PB=1292.1> 
<DWph=1> <it= 26> <et=1.58> <Mt= 0.01> <Spt= 0.03> <nCl= 16> <al=0.00> <DB= 1247.9243> <Mlp= 1249.5128> <PB=1292.1> 
<DWph=1> <it= 27> <et=1.60> <Mt= 0.00> <Spt= 0.01> <nCl=  4> <al=0.20> <DB= 1249.2227> <Mlp= 1249.5115> <PB=1292.1> 
<DWph=1> <it= 28> <et=1.62> <Mt= 0.00> <Spt= 0.02> <nCl=  7> <al=0.00> <DB= 1249.5115> <Mlp= 1249.5115> <PB=1292.1> 
    RCSP exact solver info for graph G_1 : TT = 0.023008, pt = 4.2e-05, dt = 0.019409, ct = 0.00312, ndl = 5', bdl = 185', odl = 2', odf = 22', bsi = 1', cnt = 21', bdch = 1776', odch = 46', lcp = 54', #sols = 150
<DWph=0> <it= 29> <et=1.65> <Mt= 0.00> <Spt= 0.03> <nCl= 85> <al=0.18> <DB= 1238.3598> <Mlp= 1249.5115> <PB=1292.1> 
    RCSP exact solver info for graph G_1 : TT = 0.023909, pt = 6.6e-05, dt = 0.020085, ct = 0.003259, ndl = 6', bdl = 191', odl = 2', odf = 23', bsi = 1', cnt = 25', bdch = 1868', odch = 57', lcp = 58', #sols = 150
<DWph=0> <it= 30> <et=1.68> <Mt= 0.01> <Spt= 0.03> <nCl= 53> <al=0.26> <DB= 1246.5020> <Mlp= 1249.4183> <PB=1292.1> 
    RCSP exact solver info for graph G_1 : TT = 0.024078, pt = 6.5e-05, dt = 0.020164, ct = 0.003341, ndl = 6', bdl = 191', odl = 2', odf = 23', bsi = 1', cnt = 25', bdch = 1878', odch = 59', lcp = 58', #sols = 150
    RCSP exact solver info for graph G_1 : TT = 0.024321, pt = 6e-05, dt = 0.020462, ct = 0.003301, ndl = 6', bdl = 193', odl = 2', odf = 23', bsi = 1', cnt = 25', bdch = 1920', odch = 60', lcp = 59', #sols = 150
<DWph=0> <it= 31> <et=1.74> <Mt= 0.00> <Spt= 0.06> <nCl= 44> <al=0.00> <DB= 1249.4160> <Mlp= 1249.4160> <PB=1292.1> 
Dynamic params and stats :  aver.obdmd = 23.4928 aver.buck.num. = 26
@@ 1 1 1249.42 0.0232853 0.023763 74.9868 1.74
Labels distribution in buckets (bucket size) : largest - 72, top 0.1% - 72, top 0.5% - 51, top 2% - 40, top 10% - 22, top 50% - 3
Reduced cost fixing for graph G_1... 57728 buck. arcs remain (69.1% from prev., 51.8% from max.) + 11708 jump buck. arcs (10.5% from max.)
 TT = 0.165658, pt = 0.014047, dt = 0.091736, ct = 0.059544, ndl = 28', bdl = 768', odl = 3', odf = 91', lpcb = 428', cnt = 1580', bdch = 14389', odch = 495', lcp = 505'
Labels distribution in buckets (bucket size) : largest - 72, top 0.1% - 72, top 0.5% - 59, top 2% - 43, top 10% - 24, top 50% - 4
Run forward enumeration with border = 50... not succeeded (ratio 0.964765) lpt = 0.013418, ndl = 12', dl = 0', lpcb = 11', dch = 12'
 TT = 0.014631, pt = 0, dt = 0.013418, ct = 0, ndl = 12', bdl = 0', lpcb = 11', cnt = 84', bdch = 12', odch = 0', lcp = 0'
ColGenEvalAlg final dual bound: 1249.42 (rounded: 1250)
Gap improvement since the last cut separation : 0.540797 (1199.15)
Current active cuts : CAP(9,606.455)
Shrinking heuristic shrunk 6 edges
In total 31 RCC cut(s) are found by the Fractional capacity min-cut heuristic 
In total 74 RCC cut(s) are found by the greedy construction heuristic 
In total 1 RCC cut(s) are found by the global pool greedy search heuristic 
----- Add fac. cuts : CAP(100), max.viol = 0.802596, aver.viol = 0.212222, sep/add took 0.0311532/0.151753 sec. -----
2515 columns (2515 active), 158 dyn. constrs. (110 active), 294 art. vars. (246 active)
<DWph=2> <it=  1> <et=2.16> <Mt= 0.03> <Spt= 0.01> <nCl= 30> <al=0.50> <DB= 1193.5749> <Mlp= 1271.2099> <PB=1292.1> 
<DWph=2> <it=  2> <et=2.21> <Mt= 0.05> <Spt= 0.01> <nCl= 16> <al=0.55> <DB= 1252.9281> <Mlp= 1266.0811> <PB=1292.1> 
<DWph=2> <it=  3> <et=2.25> <Mt= 0.02> <Spt= 0.01> <nCl= 19> <al=0.60> <DB= 1239.3862> <Mlp= 1264.4848> <PB=1292.1> 
<DWph=2> <it=  4> <et=2.28> <Mt= 0.03> <Spt= 0.00> <nCl= 10> <al=0.64> <DB= 1256.7146> <Mlp= 1263.3164> <PB=1292.1> 
<DWph=2> <it=  5> <et=2.30> <Mt= 0.01> <Spt= 0.01> <nCl=  6> <al=0.67> <DB= 1258.4917> <Mlp= 1263.1849> <PB=1292.1> 
<DWph=2> <it=  6> <et=2.32> <Mt= 0.01> <Spt= 0.01> <nCl= 16> <al=0.70> <DB= 1243.2648> <Mlp= 1263.0377> <PB=1292.1> 
<DWph=2> <it=  7> <et=2.35> <Mt= 0.02> <Spt= 0.01> <nCl=  5> <al=0.73> <DB= 1251.0896> <Mlp= 1262.3621> <PB=1292.1> 
<DWph=2> <it=  8> <et=2.38> <Mt= 0.01> <Spt= 0.01> <nCl=  4> <al=0.76> <DB= 1247.5904> <Mlp= 1261.8484> <PB=1292.1> 
<DWph=2> <it=  9> <et=2.40> <Mt= 0.02> <Spt= 0.02> <nCl=  4> <al=0.57> <DB= 1259.6031> <Mlp= 1261.4748> <PB=1292.1> 
<DWph=2> <it= 10> <et=2.42> <Mt= 0.00> <Spt= 0.01> <nCl=  6> <al=0.68> <DB= 1258.1577> <Mlp= 1261.4748> <PB=1292.1> 
<DWph=2> <it= 11> <et=2.44> <Mt= 0.01> <Spt= 0.01> <nCl=  6> <al=0.43> <DB= 1252.9597> <Mlp= 1261.4362> <PB=1292.1> 
<DWph=2> <it= 12> <et=2.47> <Mt= 0.01> <Spt= 0.02> <nCl=  9> <al=0.23> <DB= 1255.8809> <Mlp= 1261.4093> <PB=1292.1> 
<DWph=2> <it= 13> <et=2.50> <Mt= 0.00> <Spt= 0.02> <nCl= 16> <al=0.00> <DB= 1248.7704> <Mlp= 1261.4093> <PB=1292.1> 
<DWph=2> <it= 14> <et=2.51> <Mt= 0.02> <Spt= 0.00> <nCl=  0> <al=0.42> <DB= 1248.7704> <Mlp= 1260.9689> <PB=1292.1> 
<DWph=1> <it= 15> <et=2.53> <Mt= 0.00> <Spt= 0.02> <nCl= 24> <al=0.42> <DB= 1238.4431> <Mlp= 1260.9689> <PB=1292.1> 
<DWph=1> <it= 16> <et=2.57> <Mt= 0.03> <Spt= 0.01> <nCl= 20> <al=0.47> <DB= 1248.8686> <Mlp= 1260.3458> <PB=1292.1> 
<DWph=1> <it= 17> <et=2.60> <Mt= 0.02> <Spt= 0.02> <nCl= 13> <al=0.37> <DB= 1250.9262> <Mlp= 1259.9195> <PB=1292.1> 
<DWph=1> <it= 18> <et=2.63> <Mt= 0.01> <Spt= 0.01> <nCl= 11> <al=0.27> <DB= 1253.0783> <Mlp= 1259.8339> <PB=1292.1> 
<DWph=1> <it= 19> <et=2.66> <Mt= 0.01> <Spt= 0.01> <nCl=  8> <al=0.35> <DB= 1255.3195> <Mlp= 1259.8300> <PB=1292.1> 
<DWph=1> <it= 20> <et=2.68> <Mt= 0.01> <Spt= 0.01> <nCl=  2> <al=0.41> <DB= 1257.8599> <Mlp= 1259.8194> <PB=1292.1> 
<DWph=1> <it= 21> <et=2.70> <Mt= 0.01> <Spt= 0.02> <nCl=  4> <al=0.47> <DB= 1258.3152> <Mlp= 1259.8194> <PB=1292.1> 
<DWph=1> <it= 22> <et=2.72> <Mt= 0.01> <Spt= 0.01> <nCl=  4> <al=0.52> <DB= 1254.8330> <Mlp= 1259.8194> <PB=1292.1> 
<DWph=1> <it= 23> <et=2.75> <Mt= 0.00> <Spt= 0.02> <nCl=  2> <al=0.14> <DB= 1259.4993> <Mlp= 1259.8194> <PB=1292.1> 
<DWph=1> <it= 24> <et=2.78> <Mt= 0.01> <Spt= 0.03> <nCl=  7> <al=0.00> <DB= 1258.0729> <Mlp= 1259.8185> <PB=1292.1> 
<DWph=1> <it= 25> <et=2.81> <Mt= 0.00> <Spt= 0.02> <nCl=  3> <al=0.00> <DB= 1259.8185> <Mlp= 1259.8185> <PB=1292.1> 
    RCSP exact solver info for graph G_1 : TT = 0.023098, pt = 4.8e-05, dt = 0.018994, ct = 0.003509, ndl = 6', bdl = 121', odl = 2', odf = 24', bsi = 1', cnt = 23', bdch = 1365', odch = 69', lcp = 66', #sols = 150
<DWph=0> <it= 26> <et=2.85> <Mt= 0.01> <Spt= 0.04> <nCl=104> <al=0.27> <DB= 1231.6828> <Mlp= 1259.8185> <PB=1292.1> 
    RCSP exact solver info for graph G_1 : TT = 0.021917, pt = 6.4e-05, dt = 0.017654, ct = 0.003698, ndl = 6', bdl = 124', odl = 2', odf = 25', bsi = 1', cnt = 27', bdch = 1440', odch = 77', lcp = 67', #sols = 150
    RCSP exact solver info for graph G_1 : TT = 0.022064, pt = 6.1e-05, dt = 0.017756, ct = 0.003722, ndl = 6', bdl = 125', odl = 2', odf = 25', bsi = 1', cnt = 29', bdch = 1454', odch = 81', lcp = 67', #sols = 150
<DWph=0> <it= 27> <et=2.93> <Mt= 0.02> <Spt= 0.06> <nCl= 79> <al=0.00> <DB= 1257.1779> <Mlp= 1259.5249> <PB=1292.1> 
    RCSP exact solver info for graph G_1 : TT = 0.024549, pt = 6.7e-05, dt = 0.019274, ct = 0.004386, ndl = 6', bdl = 128', odl = 2', odf = 25', bsi = 1', cnt = 30', bdch = 1508', odch = 89', lcp = 69', #sols = 150
    RCSP exact solver info for graph G_1 : TT = 0.022244, pt = 5.7e-05, dt = 0.017822, ct = 0.003837, ndl = 6', bdl = 127', odl = 2', odf = 25', bsi = 1', cnt = 29', bdch = 1481', odch = 85', lcp = 68', #sols = 150
<DWph=0> <it= 28> <et=3.00> <Mt= 0.00> <Spt= 0.06> <nCl=  7> <al=0.00> <DB= 1259.5249> <Mlp= 1259.5249> <PB=1292.1> 
Dynamic params and stats :  aver.obdmd = 23.4928 aver.buck.num. = 26
@@ 1 2 1259.52 0.0221304 0.02366 51.8107 3
Labels distribution in buckets (bucket size) : largest - 83, top 0.1% - 83, top 0.5% - 76, top 2% - 48, top 10% - 24, top 50% - 3
Reduced cost fixing for graph G_1... 53724 buck. arcs remain (93.1% from prev., 48.2% from max.) + 10463 jump buck. arcs (9.39% from max.)
 TT = 0.159609, pt = 0.012936, dt = 0.089051, ct = 0.057284, ndl = 29', bdl = 748', odl = 3', odf = 94', lpcb = 306', cnt = 1536', bdch = 13691', odch = 578', lcp = 568'
Labels distribution in buckets (bucket size) : largest - 103, top 0.1% - 103, top 0.5% - 81, top 2% - 55, top 10% - 26, top 50% - 3
Run forward enumeration with border = 50... not succeeded (ratio 0.961225) lpt = 0.011629, ndl = 12', dl = 0', lpcb = 12', dch = 11'
 TT = 0.013285, pt = 0, dt = 0.011629, ct = 0, ndl = 12', bdl = 0', lpcb = 12', cnt = 79', bdch = 11', odch = 0', lcp = 0'
ColGenEvalAlg final dual bound: 1259.52 (rounded: 1260)
Gap improvement since the last cut separation : 0.236831 (1249.42)
Current active cuts : CAP(20,957.413)
In total 1 RCC cut(s) are found by the connected components heuristic 
Shrinking heuristic shrunk 13 edges
In total 12 RCC cut(s) are found by the Fractional capacity min-cut heuristic 
In total 35 RCC cut(s) are found by the greedy construction heuristic 
In total 10 RCC cut(s) are found by the global pool greedy search heuristic 
----- Add fac. cuts : CAP(58), max.viol = 0.761699, aver.viol = 0.215882, sep/add took 0.0257159/0.112378 sec. -----
2950 columns (2950 active), 168 dyn. constrs. (80 active), 352 art. vars. (216 active)
<DWph=2> <it=  1> <et=3.39> <Mt= 0.06> <Spt= 0.01> <nCl= 19> <al=0.50> <DB= 1244.9357> <Mlp= 1264.8521> <PB=1292.1> 
<DWph=2> <it=  2> <et=3.43> <Mt= 0.02> <Spt= 0.01> <nCl= 11> <al=0.55> <DB= 1255.9918> <Mlp= 1264.2931> <PB=1292.1> 
<DWph=2> <it=  3> <et=3.45> <Mt= 0.02> <Spt= 0.01> <nCl=  5> <al=0.60> <DB= 1252.8386> <Mlp= 1264.0755> <PB=1292.1> 
<DWph=2> <it=  4> <et=3.49> <Mt= 0.01> <Spt= 0.01> <nCl= 10> <al=0.27> <DB= 1252.5937> <Mlp= 1263.9511> <PB=1292.1> 
<DWph=2> <it=  5> <et=3.52> <Mt= 0.02> <Spt= 0.01> <nCl= 10> <al=0.54> <DB= 1261.8450> <Mlp= 1263.3832> <PB=1292.1> 
<DWph=2> <it=  6> <et=3.54> <Mt= 0.01> <Spt= 0.01> <nCl= 11> <al=0.58> <DB= 1259.1588> <Mlp= 1263.3299> <PB=1292.1> 
<DWph=2> <it=  7> <et=3.58> <Mt= 0.02> <Spt= 0.03> <nCl= 17> <al=0.00> <DB= 1250.8438> <Mlp= 1263.2551> <PB=1292.1> 
<DWph=2> <it=  8> <et=3.61> <Mt= 0.00> <Spt= 0.03> <nCl=  1> <al=0.00> <DB= 1263.2447> <Mlp= 1263.2447> <PB=1292.1> 
<DWph=1> <it=  9> <et=3.63> <Mt= 0.01> <Spt= 0.01> <nCl= 26> <al=0.42> <DB= 1243.3058> <Mlp= 1263.2447> <PB=1292.1> 
<DWph=1> <it= 10> <et=3.66> <Mt= 0.01> <Spt= 0.02> <nCl= 13> <al=0.48> <DB= 1255.9128> <Mlp= 1263.0750> <PB=1292.1> 
<DWph=1> <it= 11> <et=3.69> <Mt= 0.01> <Spt= 0.01> <nCl= 11> <al=0.53> <DB= 1259.2147> <Mlp= 1262.9869> <PB=1292.1> 
<DWph=1> <it= 12> <et=3.71> <Mt= 0.01> <Spt= 0.01> <nCl=  8> <al=0.43> <DB= 1261.3489> <Mlp= 1262.9804> <PB=1292.1> 
<DWph=1> <it= 13> <et=3.74> <Mt= 0.01> <Spt= 0.03> <nCl= 11> <al=0.00> <DB= 1262.3592> <Mlp= 1262.9804> <PB=1292.1> 
<DWph=1> <it= 14> <et=3.77> <Mt= 0.00> <Spt= 0.03> <nCl=  4> <al=0.00> <DB= 1262.9804> <Mlp= 1262.9804> <PB=1292.1> 
    RCSP exact solver info for graph G_1 : TT = 0.020435, pt = 4.7e-05, dt = 0.016526, ct = 0.003325, ndl = 6', bdl = 111', odl = 2', odf = 24', bsi = 1', cnt = 19', bdch = 1318', odch = 51', lcp = 64', #sols = 150
<DWph=0> <it= 15> <et=3.81> <Mt= 0.01> <Spt= 0.03> <nCl= 86> <al=0.13> <DB= 1258.0174> <Mlp= 1262.9804> <PB=1292.1> 
    RCSP exact solver info for graph G_1 : TT = 0.020136, pt = 6.6e-05, dt = 0.016228, ct = 0.003297, ndl = 6', bdl = 108', odl = 2', odf = 23', bsi = 1', cnt = 22', bdch = 1277', odch = 56', lcp = 63', #sols = 150
    RCSP exact solver info for graph G_1 : TT = 0.020255, pt = 6.8e-05, dt = 0.016267, ct = 0.003354, ndl = 6', bdl = 105', odl = 2', odf = 23', bsi = 1', cnt = 19', bdch = 1211', odch = 51', lcp = 60', #sols = 150
<DWph=0> <it= 16> <et=3.88> <Mt= 0.01> <Spt= 0.06> <nCl= 74> <al=0.00> <DB= 1262.8700> <Mlp= 1262.8700> <PB=1292.1> 
Dynamic params and stats :  aver.obdmd = 23.4928 aver.buck.num. = 26
@@ 1 3 1262.87 0.0196657 0.019851 48.2171 3.88
Labels distribution in buckets (bucket size) : largest - 57, top 0.1% - 57, top 0.5% - 49, top 2% - 42, top 10% - 22, top 50% - 3
Reduced cost fixing for graph G_1... 51993 buck. arcs remain (96.8% from prev., 46.7% from max.) + 9204 jump buck. arcs (8.26% from max.)
 TT = 0.125999, pt = 0.011384, dt = 0.065099, ct = 0.049161, ndl = 23', bdl = 595', odl = 4', odf = 85', lpcb = 181', cnt = 1193', bdch = 9044', odch = 324', lcp = 376'
Labels distribution in buckets (bucket size) : largest - 59, top 0.1% - 59, top 0.5% - 55, top 2% - 45, top 10% - 24, top 50% - 4
Run forward enumeration with border = 50... not succeeded (ratio 0.956313) lpt = 0.016252, ndl = 16', dl = 0', lpcb = 18', dch = 19'
 TT = 0.017422, pt = 0, dt = 0.016252, ct = 0, ndl = 16', bdl = 0', lpcb = 18', cnt = 98', bdch = 19', odch = 0', lcp = 0'
ColGenEvalAlg final dual bound: 1262.87 (rounded: 1263)
Gap improvement since the last cut separation : 0.102688 (1259.52)
Current active cuts : CAP(26,1177.8)
Shrinking heuristic shrunk 11 edges
In total 3 RCC cut(s) are found by the Fractional capacity min-cut heuristic 
In total 19 RCC cut(s) are found by the greedy construction heuristic 
In total 4 RCC cut(s) are found by the global pool greedy search heuristic 
----- Add fac. cuts : CAP(26), max.viol = 0.197672, aver.viol = 0.122563, sep/add took 0.0237483/0.0525889 sec. -----
3267 columns (3267 active), 106 dyn. constrs. (53 active), 378 art. vars. (189 active)
<DWph=2> <it=  1> <et=4.20> <Mt= 0.02> <Spt= 0.01> <nCl= 15> <al=0.00> <DB= 1262.1018> <Mlp= 1263.6637> <PB=1292.1> 
<DWph=2> <it=  2> <et=4.22> <Mt= 0.01> <Spt= 0.01> <nCl=  5> <al=0.40> <DB= 1262.2377> <Mlp= 1263.6613> <PB=1292.1> 
<DWph=2> <it=  3> <et=4.23> <Mt= 0.00> <Spt= 0.01> <nCl=  4> <al=0.46> <DB= 1263.4798> <Mlp= 1263.6613> <PB=1292.1> 
<DWph=2> <it=  4> <et=4.25> <Mt= 0.01> <Spt= 0.00> <nCl=  5> <al=0.36> <DB= 1262.9278> <Mlp= 1263.6490> <PB=1292.1> 
<DWph=2> <it=  5> <et=4.27> <Mt= 0.01> <Spt= 0.02> <nCl= 11> <al=0.00> <DB= 1263.6395> <Mlp= 1263.6395> <PB=1292.1> 
<DWph=1> <it=  6> <et=4.28> <Mt= 0.00> <Spt= 0.01> <nCl= 16> <al=0.16> <DB= 1256.9852> <Mlp= 1263.6395> <PB=1292.1> 
<DWph=1> <it=  7> <et=4.31> <Mt= 0.02> <Spt= 0.01> <nCl= 10> <al=0.06> <DB= 1258.7247> <Mlp= 1263.5642> <PB=1292.1> 
<DWph=1> <it=  8> <et=4.33> <Mt= 0.00> <Spt= 0.01> <nCl=  9> <al=0.15> <DB= 1260.7936> <Mlp= 1263.5586> <PB=1292.1> 
<DWph=1> <it=  9> <et=4.36> <Mt= 0.01> <Spt= 0.03> <nCl=  4> <al=0.00> <DB= 1263.5545> <Mlp= 1263.5545> <PB=1292.1> 
    RCSP exact solver info for graph G_1 : TT = 0.019957, pt = 5.1e-05, dt = 0.016175, ct = 0.00312, ndl = 6', bdl = 109', odl = 2', odf = 23', bsi = 1', cnt = 22', bdch = 1368', odch = 46', lcp = 67', #sols = 150
<DWph=0> <it= 10> <et=4.39> <Mt= 0.00> <Spt= 0.02> <nCl= 73> <al=0.14> <DB= 1259.6577> <Mlp= 1263.5545> <PB=1292.1> 
    RCSP exact solver info for graph G_1 : TT = 0.020002, pt = 0.000105, dt = 0.016173, ct = 0.003128, ndl = 6', bdl = 109', odl = 2', odf = 23', bsi = 1', cnt = 22', bdch = 1347', odch = 47', lcp = 64', #sols = 150
<DWph=0> <it= 11> <et=4.43> <Mt= 0.01> <Spt= 0.03> <nCl= 21> <al=0.22> <DB= 1262.0022> <Mlp= 1263.5407> <PB=1292.1> 
    RCSP exact solver info for graph G_1 : TT = 0.019442, pt = 7.2e-05, dt = 0.01576, ct = 0.00304, ndl = 6', bdl = 107', odl = 2', odf = 23', bsi = 1', cnt = 21', bdch = 1286', odch = 46', lcp = 61', #sols = 150
    RCSP exact solver info for graph G_1 : TT = 0.019558, pt = 5.7e-05, dt = 0.015911, ct = 0.003028, ndl = 6', bdl = 107', odl = 2', odf = 23', bsi = 1', cnt = 21', bdch = 1296', odch = 46', lcp = 62', #sols = 150
<DWph=0> <it= 12> <et=4.48> <Mt= 0.01> <Spt= 0.05> <nCl= 32> <al=0.00> <DB= 1262.9348> <Mlp= 1263.5407> <PB=1292.1> 
    RCSP exact solver info for graph G_1 : TT = 0.022073, pt = 7.3e-05, dt = 0.018206, ct = 0.003201, ndl = 6', bdl = 111', odl = 2', odf = 24', bsi = 1', cnt = 24', bdch = 1379', odch = 53', lcp = 64', #sols = 150
    RCSP exact solver info for graph G_1 : TT = 0.022799, pt = 6.5e-05, dt = 0.019139, ct = 0.003039, ndl = 6', bdl = 108', odl = 2', odf = 23', bsi = 1', cnt = 21', bdch = 1301', odch = 46', lcp = 62', #sols = 150
<DWph=0> <it= 13> <et=4.54> <Mt= 0.00> <Spt= 0.05> <nCl=  9> <al=0.00> <DB= 1263.5407> <Mlp= 1263.5407> <PB=1292.1> 
Dynamic params and stats :  aver.obdmd = 23.4928 aver.buck.num. = 26
@@ 1 4 1263.54 0.0199867 0.022178 46.6636 4.54
    Full reduced cost fixing is not called (gap ratio is 0.976976)
ColGenEvalAlg final dual bound: 1263.54 (rounded: 1264)
Gap improvement since the last cut separation : 0.0229448 (1262.87)
Current active cuts : CAP(30,1296.12)
Shrinking heuristic shrunk 12 edges
In total 6 RCC cut(s) are found by the greedy construction heuristic 
In total 9 RCC cut(s) are found by the global pool greedy search heuristic 
----- Add fac. cuts : CAP(15), max.viol = 0.227544, aver.viol = 0.046562, sep/add took 0.0236983/0.0369818 sec. -----
3481 columns (3481 active), 68 dyn. constrs. (46 active), 393 art. vars. (182 active)
<DWph=2> <it=  1> <et=4.68> <Mt= 0.03> <Spt= 0.01> <nCl=  4> <al=0.50> <DB= 1263.4959> <Mlp= 1263.7196> <PB=1292.1> 
<DWph=2> <it=  2> <et=4.70> <Mt= 0.00> <Spt= 0.01> <nCl=  6> <al=0.10> <DB= 1254.2299> <Mlp= 1263.7196> <PB=1292.1> 
<DWph=2> <it=  3> <et=4.72> <Mt= 0.01> <Spt= 0.02> <nCl=  5> <al=0.00> <DB= 1263.1728> <Mlp= 1263.7196> <PB=1292.1> 
<DWph=2> <it=  4> <et=4.74> <Mt= 0.00> <Spt= 0.01> <nCl=  3> <al=0.00> <DB= 1263.7164> <Mlp= 1263.7164> <PB=1292.1> 
<DWph=1> <it=  5> <et=4.75> <Mt= 0.00> <Spt= 0.01> <nCl=  7> <al=0.25> <DB= 1261.5128> <Mlp= 1263.7164> <PB=1292.1> 
<DWph=1> <it=  6> <et=4.77> <Mt= 0.01> <Spt= 0.02> <nCl=  4> <al=0.15> <DB= 1263.4177> <Mlp= 1263.7047> <PB=1292.1> 
<DWph=1> <it=  7> <et=4.79> <Mt= 0.01> <Spt= 0.01> <nCl=  3> <al=0.05> <DB= 1263.6740> <Mlp= 1263.7047> <PB=1292.1> 
<DWph=1> <it=  8> <et=4.80> <Mt= 0.00> <Spt= 0.01> <nCl=  2> <al=0.00> <DB= 1263.7047> <Mlp= 1263.7047> <PB=1292.1> 
    RCSP exact solver info for graph G_1 : TT = 0.019501, pt = 4.8e-05, dt = 0.015804, ct = 0.003046, ndl = 6', bdl = 105', odl = 2', odf = 24', bsi = 1', cnt = 22', bdch = 1210', odch = 62', lcp = 59', #sols = 150
<DWph=0> <it=  9> <et=4.83> <Mt= 0.01> <Spt= 0.02> <nCl= 60> <al=0.00> <DB= 1258.2074> <Mlp= 1263.7047> <PB=1292.1> 
    RCSP exact solver info for graph G_1 : TT = 0.020525, pt = 7.8e-05, dt = 0.016607, ct = 0.003267, ndl = 6', bdl = 112', odl = 2', odf = 24', bsi = 1', cnt = 22', bdch = 1391', odch = 63', lcp = 68', #sols = 150
<DWph=0> <it= 10> <et=4.87> <Mt= 0.01> <Spt= 0.03> <nCl= 22> <al=0.00> <DB= 1263.5867> <Mlp= 1263.6883> <PB=1292.1> 
    RCSP exact solver info for graph G_1 : TT = 0.022567, pt = 8.1e-05, dt = 0.018394, ct = 0.003519, ndl = 6', bdl = 112', odl = 2', odf = 24', bsi = 1', cnt = 22', bdch = 1391', odch = 63', lcp = 68', #sols = 150
<DWph=0> <it= 11> <et=4.90> <Mt= 0.00> <Spt= 0.02> <nCl=  2> <al=0.00> <DB= 1263.6883> <Mlp= 1263.6883> <PB=1292.1> 
Dynamic params and stats :  aver.obdmd = 23.4928 aver.buck.num. = 26
@@ 1 5 1263.69 0.0202123 0.021913 46.6636 4.9
    Full reduced cost fixing is not called (gap ratio is 0.971909)
ColGenEvalAlg final dual bound: 1263.69 (rounded: 1264)
Gap improvement since the last cut separation : 0.00516832 (1263.54)
Cut generation tailing off counter increased to 1
Current active cuts : CAP(32,1384.12)
Shrinking heuristic shrunk 24 edges
In total 6 RCC cut(s) are found by the greedy construction heuristic 
In total 8 RCC cut(s) are found by the global pool greedy search heuristic 
----- Add fac. cuts : CAP(14), max.viol = 0.072449, aver.viol = 0.0257289, sep/add took 0.0127722/0.0319905 sec. -----
3599 columns (3599 active), 60 dyn. constrs. (48 active), 407 art. vars. (184 active)
<DWph=2> <it=  1> <et=5.00> <Mt= 0.02> <Spt= 0.01> <nCl=  3> <al=0.50> <DB= 1262.8530> <Mlp= 1263.7926> <PB=1292.1> 
<DWph=2> <it=  2> <et=5.02> <Mt= 0.01> <Spt= 0.02> <nCl=  7> <al=0.00> <DB= 1260.5641> <Mlp= 1263.7812> <PB=1292.1> 
<DWph=2> <it=  3> <et=5.04> <Mt= 0.01> <Spt= 0.01> <nCl=  1> <al=0.00> <DB= 1262.1429> <Mlp= 1263.7810> <PB=1292.1> 
<DWph=2> <it=  4> <et=5.05> <Mt= 0.00> <Spt= 0.01> <nCl=  2> <al=0.20> <DB= 1262.7977> <Mlp= 1263.7800> <PB=1292.1> 
<DWph=2> <it=  5> <et=5.07> <Mt= 0.01> <Spt= 0.01> <nCl=  4> <al=0.00> <DB= 1263.7800> <Mlp= 1263.7800> <PB=1292.1> 
<DWph=1> <it=  6> <et=5.09> <Mt= 0.00> <Spt= 0.01> <nCl= 12> <al=0.18> <DB= 1256.7141> <Mlp= 1263.7800> <PB=1292.1> 
<DWph=1> <it=  7> <et=5.11> <Mt= 0.01> <Spt= 0.01> <nCl=  2> <al=0.26> <DB= 1259.5690> <Mlp= 1263.7564> <PB=1292.1> 
<DWph=1> <it=  8> <et=5.13> <Mt= 0.01> <Spt= 0.01> <nCl=  7> <al=0.16> <DB= 1262.7523> <Mlp= 1263.7564> <PB=1292.1> 
<DWph=1> <it=  9> <et=5.16> <Mt= 0.00> <Spt= 0.03> <nCl=  7> <al=0.00> <DB= 1263.7562> <Mlp= 1263.7562> <PB=1292.1> 
    RCSP exact solver info for graph G_1 : TT = 0.020595, pt = 4.6e-05, dt = 0.016584, ct = 0.003371, ndl = 6', bdl = 110', odl = 2', odf = 24', bsi = 1', cnt = 24', bdch = 1351', odch = 67', lcp = 65', #sols = 150
<DWph=0> <it= 10> <et=5.18> <Mt= 0.01> <Spt= 0.02> <nCl= 22> <al=0.00> <DB= 1261.4042> <Mlp= 1263.7562> <PB=1292.1> 
    RCSP exact solver info for graph G_1 : TT = 0.020645, pt = 7.4e-05, dt = 0.016606, ct = 0.003334, ndl = 6', bdl = 108', odl = 2', odf = 23', bsi = 1', cnt = 23', bdch = 1333', odch = 62', lcp = 64', #sols = 150
<DWph=0> <it= 11> <et=5.22> <Mt= 0.00> <Spt= 0.03> <nCl= 38> <al=0.00> <DB= 1260.9375> <Mlp= 1263.7500> <PB=1292.1> 
    RCSP exact solver info for graph G_1 : TT = 0.021083, pt = 7.3e-05, dt = 0.016836, ct = 0.003458, ndl = 6', bdl = 110', odl = 2', odf = 24', bsi = 1', cnt = 23', bdch = 1364', odch = 63', lcp = 66', #sols = 150
    RCSP exact solver info for graph G_1 : TT = 0.020288, pt = 6.6e-05, dt = 0.016375, ct = 0.003266, ndl = 6', bdl = 109', odl = 2', odf = 23', bsi = 1', cnt = 23', bdch = 1364', odch = 62', lcp = 66', #sols = 150
<DWph=0> <it= 12> <et=5.28> <Mt= 0.01> <Spt= 0.05> <nCl= 38> <al=0.00> <DB= 1263.7500> <Mlp= 1263.7500> <PB=1292.1> 
Dynamic params and stats :  aver.obdmd = 23.4928 aver.buck.num. = 26
@@ 1 6 1263.75 0.0199575 0.020294 46.6636 5.28
    Full reduced cost fixing is not called (gap ratio is 0.96979)
ColGenEvalAlg final dual bound: 1263.75 (rounded: 1264)
Gap improvement since the last cut separation : 0.00217286 (1263.69)
Cut generation tailing off counter increased to 2
Current active cuts : CAP(34,1435.29)
Shrinking heuristic shrunk 25 edges
In total 2 RCC cut(s) are found by the global pool greedy search heuristic 
----- Add fac. cuts : CAP(2), max.viol = 0.00925926, aver.viol = 0.00925926, sep/add took 0.0103761/0.0049452 sec. -----
3742 columns (3742 active), 50 dyn. constrs. (37 active), 409 art. vars. (173 active)
<DWph=2> <it=  1> <et=5.33> <Mt= 0.01> <Spt= 0.01> <nCl=  2> <al=0.00> <DB= 1263.7500> <Mlp= 1263.7500> <PB=1292.1> 
<DWph=1> <it=  2> <et=5.35> <Mt= 0.00> <Spt= 0.02> <nCl=  0> <al=0.00> <DB= 1263.7500> <Mlp= 1263.7500> <PB=1292.1> 
<DWph=0> <it=  3> <et=5.35> <Mt= 0.00> <Spt= 0.00> <nCl=  0> <al=0.30> <DB= 1263.7500> <Mlp= 1263.7500> <PB=1292.1> 
@@ 1 7 1263.75 0 0 46.6636 5.35
ColGenEvalAlg final dual bound: 1263.75 (rounded: 1264)
Gap improvement since the last cut separation : 1.58482e-09 (1263.75)
----- Cut separators priority level decreased to 1-----
Current active cuts : CAP(34,1435.29)
Shrinking heuristic shrunk 25 edges
In total 1 RCC cut(s) are found by the greedy construction heuristic 
In total 1 RCC cut(s) are found by the global pool greedy search heuristic 
4 Rank-1 1-rows pack. cuts added ,  max viol. = 0.0884615, aver. viol. = 0.0519231
150 Rank-1 3-rows pack. cuts added ,  max viol. = 0.415385, aver. viol. = 0.175692
----- Add fac. cuts : CAP(2) R1C(154), max.viol = 0.415385, aver.viol = 0.183136, sep/add took 0.0115462/0.184884 sec. -----
3744 columns (3744 active), 206 dyn. constrs. (193 active), 565 art. vars. (329 active)
<DWph=2> <it=  1> <et=5.64> <Mt= 0.07> <Spt= 0.01> <nCl=  6> <al=0.50> <DB= 1264.0577> <Mlp= 1266.2526> <PB=1292.1> 
<DWph=2> <it=  2> <et=5.66> <Mt= 0.01> <Spt= 0.01> <nCl=  7> <al=0.55> <DB= 1262.0179> <Mlp= 1266.2234> <PB=1292.1> 
<DWph=2> <it=  3> <et=5.68> <Mt= 0.02> <Spt= 0.01> <nCl=  2> <al=0.60> <DB= 1265.4783> <Mlp= 1266.1791> <PB=1292.1> 
<DWph=2> <it=  4> <et=5.71> <Mt= 0.02> <Spt= 0.01> <nCl=  6> <al=0.64> <DB= 1257.3311> <Mlp= 1266.1535> <PB=1292.1> 
<DWph=2> <it=  5> <et=5.75> <Mt= 0.02> <Spt= 0.02> <nCl=  5> <al=0.00> <DB= 1265.3215> <Mlp= 1266.1035> <PB=1292.1> 
<DWph=2> <it=  6> <et=5.79> <Mt= 0.01> <Spt= 0.03> <nCl=  3> <al=0.00> <DB= 1266.1026> <Mlp= 1266.1026> <PB=1292.1> 
<DWph=1> <it=  7> <et=5.81> <Mt= 0.00> <Spt= 0.01> <nCl= 22> <al=0.47> <DB= 1256.8709> <Mlp= 1266.1026> <PB=1292.1> 
<DWph=1> <it=  8> <et=5.85> <Mt= 0.02> <Spt= 0.02> <nCl= 10> <al=0.37> <DB= 1258.1210> <Mlp= 1266.0540> <PB=1292.1> 
<DWph=1> <it=  9> <et=5.89> <Mt= 0.03> <Spt= 0.02> <nCl= 12> <al=0.43> <DB= 1259.3831> <Mlp= 1265.9621> <PB=1292.1> 
<DWph=1> <it= 10> <et=5.94> <Mt= 0.02> <Spt= 0.02> <nCl=  8> <al=0.49> <DB= 1258.8355> <Mlp= 1265.9287> <PB=1292.1> 
<DWph=1> <it= 11> <et=5.97> <Mt= 0.02> <Spt= 0.02> <nCl=  2> <al=0.39> <DB= 1263.5327> <Mlp= 1265.9100> <PB=1292.1> 
<DWph=1> <it= 12> <et=6.01> <Mt= 0.01> <Spt= 0.03> <nCl=  3> <al=0.00> <DB= 1265.1845> <Mlp= 1265.9080> <PB=1292.1> 
<DWph=1> <it= 13> <et=6.04> <Mt= 0.01> <Spt= 0.01> <nCl=  2> <al=0.35> <DB= 1263.8089> <Mlp= 1265.9071> <PB=1292.1> 
<DWph=1> <it= 14> <et=6.08> <Mt= 0.01> <Spt= 0.04> <nCl=  7> <al=0.00> <DB= 1265.8951> <Mlp= 1265.8951> <PB=1292.1> 
    RCSP exact solver info for graph G_1 : TT = 0.081091, pt = 0.000427, dt = 0.07044, ct = 0.009642, ndl = 9', bdl = 151', odl = 2', odf = 30', bsi = 1', cnt = 55', bdch = 2473', odch = 96', lcp = 139', #sols = 150
<DWph=0> <it= 15> <et=6.19> <Mt= 0.00> <Spt= 0.10> <nCl=128> <al=0.32> <DB= 1259.3572> <Mlp= 1265.8951> <PB=1292.1> 
    RCSP exact solver info for graph G_1 : TT = 0.056654, pt = 0.000495, dt = 0.046407, ct = 0.009194, ndl = 9', bdl = 146', odl = 2', odf = 29', bsi = 1', cnt = 49', bdch = 2312', odch = 94', lcp = 134', #sols = 150
<DWph=0> <it= 16> <et=6.28> <Mt= 0.02> <Spt= 0.07> <nCl= 64> <al=0.22> <DB= 1263.3329> <Mlp= 1265.8335> <PB=1292.1> 
    RCSP exact solver info for graph G_1 : TT = 0.058012, pt = 0.000804, dt = 0.047502, ct = 0.009066, ndl = 9', bdl = 149', odl = 2', odf = 29', bsi = 1', cnt = 46', bdch = 2322', odch = 91', lcp = 132', #sols = 150
    RCSP exact solver info for graph G_1 : TT = 0.053886, pt = 0.00043, dt = 0.043744, ct = 0.009111, ndl = 9', bdl = 148', odl = 2', odf = 29', bsi = 1', cnt = 48', bdch = 2333', odch = 93', lcp = 136', #sols = 150
<DWph=0> <it= 17> <et=6.42> <Mt= 0.01> <Spt= 0.13> <nCl=110> <al=0.00> <DB= 1265.7728> <Mlp= 1265.8335> <PB=1292.1> 
    RCSP exact solver info for graph G_1 : TT = 0.052915, pt = 0.000445, dt = 0.042971, ct = 0.008911, ndl = 8', bdl = 145', odl = 2', odf = 29', bsi = 1', cnt = 47', bdch = 2249', odch = 87', lcp = 132', #sols = 150
    RCSP exact solver info for graph G_1 : TT = 0.054474, pt = 0.000429, dt = 0.044259, ct = 0.009193, ndl = 9', bdl = 146', odl = 2', odf = 29', bsi = 1', cnt = 49', bdch = 2304', odch = 90', lcp = 137', #sols = 149
<DWph=0> <it= 18> <et=6.54> <Mt= 0.01> <Spt= 0.12> <nCl= 29> <al=0.00> <DB= 1265.8335> <Mlp= 1265.8335> <PB=1292.1> 
Dynamic params and stats :  aver.obdmd = 23.4928 aver.buck.num. = 26 nbR1C = 32 with avMem = 6.875
@@ 1 8 1265.83 0.0584067 0.080082 46.6636 6.54
Labels distribution in buckets (bucket size) : largest - 126, top 0.1% - 126, top 0.5% - 101, top 2% - 71, top 10% - 35, top 50% - 4
Reduced cost fixing for graph G_1... 49848 buck. arcs remain (95.9% from prev., 44.7% from max.) + 8232 jump buck. arcs (7.39% from max.)
 TT = 0.413401, pt = 0.028873, dt = 0.254365, ct = 0.129594, ndl = 46', bdl = 1161', odl = 4', odf = 127', lpcb = 311', cnt = 2886', bdch = 32248', odch = 1146', lcp = 1580'
Labels distribution in buckets (bucket size) : largest - 149, top 0.1% - 149, top 0.5% - 121, top 2% - 82, top 10% - 38, top 50% - 4
Run forward enumeration with border = 50... not succeeded (ratio 0.954199) lpt = 0.021597, ndl = 16', dl = 0', lpcb = 17', dch = 24'
 TT = 0.023467, pt = 0, dt = 0.021597, ct = 0, ndl = 16', bdl = 0', lpcb = 17', cnt = 154', bdch = 24', odch = 0', lcp = 0'
ColGenEvalAlg final dual bound: 1265.83 (rounded: 1266)
Gap improvement since the last cut separation : 0.0734904 (1263.75)
Current active cuts : CAP(27,1350.9) R1C(3+29,14.07) 1rowPackR1C(3) 3rowPackR1C(29)
Shrinking heuristic shrunk 11 edges
In total 2 RCC cut(s) are found by the greedy construction heuristic 
In total 7 RCC cut(s) are found by the global pool greedy search heuristic 
8 Rank-1 1-rows pack. cuts added ,  max viol. = 0.184046, aver. viol. = 0.0871587
150 Rank-1 3-rows pack. cuts added ,  max viol. = 0.262667, aver. viol. = 0.0930202
----- Add fac. cuts : CAP(9) R1C(158), max.viol = 0.32253, aver.viol = 0.112799, sep/add took 0.0280012/0.256609 sec. -----
4170 columns (4170 active), 360 dyn. constrs. (236 active), 732 art. vars. (372 active)
<DWph=2> <it=  1> <et=7.47> <Mt= 0.16> <Spt= 0.01> <nCl= 16> <al=0.50> <DB= 1254.3465> <Mlp= 1268.1698> <PB=1292.1> 
<DWph=2> <it=  2> <et=7.58> <Mt= 0.10> <Spt= 0.01> <nCl=  5> <al=0.55> <DB= 1265.8213> <Mlp= 1267.8124> <PB=1292.1> 
<DWph=2> <it=  3> <et=7.63> <Mt= 0.04> <Spt= 0.02> <nCl=  2> <al=0.60> <DB= 1266.6156> <Mlp= 1267.7646> <PB=1292.1> 
<DWph=2> <it=  4> <et=7.68> <Mt= 0.04> <Spt= 0.01> <nCl=  4> <al=0.64> <DB= 1267.0215> <Mlp= 1267.7292> <PB=1292.1> 
<DWph=2> <it=  5> <et=7.72> <Mt= 0.03> <Spt= 0.01> <nCl=  2> <al=0.67> <DB= 1263.6520> <Mlp= 1267.7185> <PB=1292.1> 
<DWph=2> <it=  6> <et=7.81> <Mt= 0.05> <Spt= 0.02> <nCl=  9> <al=0.41> <DB= 1255.9694> <Mlp= 1267.6597> <PB=1292.1> 
<DWph=2> <it=  7> <et=7.85> <Mt= 0.03> <Spt= 0.03> <nCl=  8> <al=0.21> <DB= 1265.8777> <Mlp= 1267.6583> <PB=1292.1> 
<DWph=2> <it=  8> <et=7.89> <Mt= 0.01> <Spt= 0.02> <nCl=  2> <al=0.01> <DB= 1264.0138> <Mlp= 1267.6583> <PB=1292.1> 
<DWph=2> <it=  9> <et=7.92> <Mt= 0.02> <Spt= 0.01> <nCl=  5> <al=0.40> <DB= 1262.9352> <Mlp= 1267.6451> <PB=1292.1> 
<DWph=2> <it= 10> <et=7.96> <Mt= 0.03> <Spt= 0.02> <nCl=  3> <al=0.30> <DB= 1257.9047> <Mlp= 1267.6221> <PB=1292.1> 
<DWph=2> <it= 11> <et=8.00> <Mt= 0.02> <Spt= 0.02> <nCl=  4> <al=0.00> <DB= 1267.6221> <Mlp= 1267.6221> <PB=1292.1> 
<DWph=1> <it= 12> <et=8.03> <Mt= 0.00> <Spt= 0.02> <nCl= 23> <al=0.27> <DB= 1246.8000> <Mlp= 1267.6221> <PB=1292.1> 
<DWph=1> <it= 13> <et=8.12> <Mt= 0.07> <Spt= 0.02> <nCl= 21> <al=0.35> <DB= 1245.4238> <Mlp= 1267.5313> <PB=1292.1> 
<DWph=1> <it= 14> <et=8.19> <Mt= 0.04> <Spt= 0.03> <nCl= 16> <al=0.41> <DB= 1259.1946> <Mlp= 1267.4925> <PB=1292.1> 
<DWph=1> <it= 15> <et=8.25> <Mt= 0.04> <Spt= 0.02> <nCl=  9> <al=0.47> <DB= 1261.3758> <Mlp= 1267.4377> <PB=1292.1> 
<DWph=1> <it= 16> <et=8.29> <Mt= 0.02> <Spt= 0.02> <nCl=  6> <al=0.37> <DB= 1263.8477> <Mlp= 1267.4181> <PB=1292.1> 
<DWph=1> <it= 17> <et=8.35> <Mt= 0.03> <Spt= 0.02> <nCl=  6> <al=0.43> <DB= 1262.0824> <Mlp= 1267.4119> <PB=1292.1> 
<DWph=1> <it= 18> <et=8.38> <Mt= 0.01> <Spt= 0.03> <nCl=  2> <al=0.49> <DB= 1264.2834> <Mlp= 1267.4119> <PB=1292.1> 
<DWph=1> <it= 19> <et=8.41> <Mt= 0.01> <Spt= 0.02> <nCl=  5> <al=0.39> <DB= 1256.4716> <Mlp= 1267.4115> <PB=1292.1> 
<DWph=1> <it= 20> <et=8.49> <Mt= 0.06> <Spt= 0.02> <nCl=  6> <al=0.29> <DB= 1264.3281> <Mlp= 1267.3782> <PB=1292.1> 
<DWph=1> <it= 21> <et=8.54> <Mt= 0.02> <Spt= 0.02> <nCl=  4> <al=0.19> <DB= 1266.5596> <Mlp= 1267.3746> <PB=1292.1> 
<DWph=1> <it= 22> <et=8.57> <Mt= 0.01> <Spt= 0.03> <nCl=  4> <al=0.27> <DB= 1264.2719> <Mlp= 1267.3746> <PB=1292.1> 
<DWph=1> <it= 23> <et=8.63> <Mt= 0.04> <Spt= 0.02> <nCl=  6> <al=0.17> <DB= 1261.8859> <Mlp= 1267.3468> <PB=1292.1> 
<DWph=1> <it= 24> <et=8.67> <Mt= 0.02> <Spt= 0.02> <nCl=  1> <al=0.25> <DB= 1266.2319> <Mlp= 1267.3468> <PB=1292.1> 
<DWph=1> <it= 25> <et=8.73> <Mt= 0.01> <Spt= 0.04> <nCl=  4> <al=0.00> <DB= 1267.2081> <Mlp= 1267.3468> <PB=1292.1> 
<DWph=1> <it= 26> <et=8.78> <Mt= 0.01> <Spt= 0.04> <nCl=  6> <al=0.00> <DB= 1267.3465> <Mlp= 1267.3465> <PB=1292.1> 
    RCSP exact solver info for graph G_1 : TT = 0.131018, pt = 0.001012, dt = 0.111529, ct = 0.017817, ndl = 14', bdl = 207', odl = 2', odf = 44', bsi = 1', cnt = 318', bdch = 4847', odch = 240', lcp = 466', #sols = 150
<DWph=0> <it= 27> <et=8.94> <Mt= 0.01> <Spt= 0.16> <nCl=133> <al=0.13> <DB= 1255.9638> <Mlp= 1267.3465> <PB=1292.1> 
    RCSP exact solver info for graph G_1 : TT = 0.112107, pt = 0.001269, dt = 0.093112, ct = 0.016952, ndl = 14', bdl = 203', odl = 2', odf = 44', bsi = 1', cnt = 279', bdch = 4395', odch = 251', lcp = 384', #sols = 150
<DWph=0> <it= 28> <et=9.23> <Mt= 0.16> <Spt= 0.13> <nCl= 47> <al=0.22> <DB= 1264.8003> <Mlp= 1267.2345> <PB=1292.1> 
    RCSP exact solver info for graph G_1 : TT = 0.121538, pt = 0.001352, dt = 0.100808, ct = 0.018682, ndl = 15', bdl = 209', odl = 2', odf = 45', bsi = 1', cnt = 316', bdch = 4712', odch = 262', lcp = 428', #sols = 150
<DWph=0> <it= 29> <et=9.42> <Mt= 0.05> <Spt= 0.13> <nCl= 41> <al=0.12> <DB= 1265.0365> <Mlp= 1267.2241> <PB=1292.1> 
    RCSP exact solver info for graph G_1 : TT = 0.12148, pt = 0.001419, dt = 0.101307, ct = 0.018091, ndl = 14', bdl = 209', odl = 2', odf = 45', bsi = 1', cnt = 297', bdch = 4668', odch = 254', lcp = 414', #sols = 150
<DWph=0> <it= 30> <et=9.58> <Mt= 0.03> <Spt= 0.13> <nCl= 63> <al=0.20> <DB= 1263.7085> <Mlp= 1267.2242> <PB=1292.1> 
    RCSP exact solver info for graph G_1 : TT = 0.126275, pt = 0.001462, dt = 0.105465, ct = 0.018654, ndl = 15', bdl = 211', odl = 2', odf = 46', bsi = 1', cnt = 306', bdch = 4810', odch = 261', lcp = 435', #sols = 150
<DWph=0> <it= 31> <et=9.74> <Mt= 0.02> <Spt= 0.14> <nCl=  9> <al=0.28> <DB= 1266.5746> <Mlp= 1267.2242> <PB=1292.1> 
    RCSP exact solver info for graph G_1 : TT = 0.126712, pt = 0.001439, dt = 0.105802, ct = 0.018788, ndl = 15', bdl = 212', odl = 2', odf = 46', bsi = 1', cnt = 317', bdch = 4821', odch = 264', lcp = 433', #sols = 150
    RCSP exact solver info for graph G_1 : TT = 0.113636, pt = 0.001113, dt = 0.09419, ct = 0.017642, ndl = 15', bdl = 211', odl = 2', odf = 45', bsi = 1', cnt = 308', bdch = 4752', odch = 261', lcp = 419', #sols = 150
<DWph=0> <it= 32> <et=10.01> <Mt= 0.02> <Spt= 0.26> <nCl= 68> <al=0.00> <DB= 1266.6430> <Mlp= 1267.2242> <PB=1292.1> 
    RCSP exact solver info for graph G_1 : TT = 0.122356, pt = 0.001468, dt = 0.102251, ct = 0.017975, ndl = 14', bdl = 206', odl = 2', odf = 44', bsi = 1', cnt = 292', bdch = 4574', odch = 250', lcp = 406', #sols = 150
    RCSP exact solver info for graph G_1 : TT = 0.115005, pt = 0.001112, dt = 0.095301, ct = 0.017924, ndl = 15', bdl = 208', odl = 2', odf = 45', bsi = 1', cnt = 309', bdch = 4684', odch = 256', lcp = 422', #sols = 150
<DWph=0> <it= 33> <et=10.28> <Mt= 0.01> <Spt= 0.25> <nCl= 41> <al=0.00> <DB= 1267.2242> <Mlp= 1267.2242> <PB=1292.1> 
Dynamic params and stats :  aver.obdmd = 23.4928 aver.buck.num. = 26 nbR1C = 89 with avMem = 8.61798
@@ 1 9 1267.22 0.119143 0.129346 44.7384 10.28
    Full reduced cost fixing is not called (gap ratio is 0.946849)
BaPCod WARNING : dual bound 1267.22 is greater than the best Lp value 1267.22
ColGenEvalAlg final dual bound: 1267.22 (rounded: 1268)
Gap improvement since the last cut separation : 0.0529484 (1265.83)
Current active cuts : CAP(23,1241.45) R1C(5+84,33.8973) 1rowPackR1C(5) 3rowPackR1C(84)
Shrinking heuristic shrunk 16 edges
In total 1 RCC cut(s) are found by the Fractional capacity min-cut heuristic 
In total 1 RCC cut(s) are found by the greedy construction heuristic 
5 Rank-1 1-rows pack. cuts added ,  max viol. = 0.108867, aver. viol. = 0.057662
41 Rank-1 3-rows pack. cuts added ,  max viol. = 0.225034, aver. viol. = 0.0837345
Building structures for heuristic rank-1 packing cut separation...done!
38 Rank-1 4-rows pack. cuts added ,  max viol. = 0.207187, aver. viol. = 0.104424
100 Rank-1 5-rows pack. cuts added ,  max viol. = 0.225034, aver. viol. = 0.141662
----- Add fac. cuts : CAP(2) R1C(184), max.viol = 0.235175, aver.viol = 0.135231, sep/add took 0.464321/0.278715 sec. -----
4751 columns (4751 active), 422 dyn. constrs. (310 active), 918 art. vars. (446 active)
<DWph=2> <it=  1> <et=11.23> <Mt= 0.14> <Spt= 0.03> <nCl= 13> <al=0.00> <DB= 1262.0218> <Mlp= 1267.6819> <PB=1292.1> 
<DWph=2> <it=  2> <et=11.28> <Mt= 0.03> <Spt= 0.02> <nCl=  8> <al=0.00> <DB= 1267.0539> <Mlp= 1267.6788> <PB=1292.1> 
<DWph=2> <it=  3> <et=11.31> <Mt= 0.01> <Spt= 0.03> <nCl=  1> <al=0.00> <DB= 1267.6788> <Mlp= 1267.6788> <PB=1292.1> 
<DWph=1> <it=  4> <et=11.34> <Mt= 0.01> <Spt= 0.02> <nCl= 16> <al=0.20> <DB= 1260.5671> <Mlp= 1267.6788> <PB=1292.1> 
<DWph=1> <it=  5> <et=11.44> <Mt= 0.07> <Spt= 0.02> <nCl=  8> <al=0.28> <DB= 1263.6402> <Mlp= 1267.6298> <PB=1292.1> 
<DWph=1> <it=  6> <et=11.50> <Mt= 0.03> <Spt= 0.03> <nCl= 10> <al=0.18> <DB= 1263.4646> <Mlp= 1267.6214> <PB=1292.1> 
#<DWph=1> <it=  7> <et=11.62> <Mt= 0.10> <Spt= 0.02> <nCl=  3> <al=0.26> <DB= 1266.1514> <Mlp= 1267.6001> <PB=1292.1> 
<DWph=1> <it=  8> <et=11.65> <Mt= 0.01> <Spt= 0.02> <nCl=  5> <al=0.34> <DB= 1266.7069> <Mlp= 1267.6026> <PB=1292.1> 
<DWph=1> <it=  9> <et=11.71> <Mt= 0.01> <Spt= 0.05> <nCl=  4> <al=0.00> <DB= 1267.6025> <Mlp= 1267.6025> <PB=1292.1> 
    RCSP exact solver info for graph G_1 : TT = 0.128456, pt = 0.001533, dt = 0.107004, ct = 0.019164, ndl = 16', bdl = 227', odl = 3', odf = 49', bsi = 1', cnt = 306', bdch = 5265', odch = 278', lcp = 465', #sols = 150
<DWph=0> <it= 10> <et=11.88> <Mt= 0.01> <Spt= 0.16> <nCl=118> <al=0.30> <DB= 1253.7434> <Mlp= 1267.6025> <PB=1292.1> 
    RCSP exact solver info for graph G_1 : TT = 0.163674, pt = 0.001941, dt = 0.1412, ct = 0.019715, ndl = 16', bdl = 228', odl = 2', odf = 49', bsi = 1', cnt = 294', bdch = 5445', odch = 276', lcp = 478', #sols = 150
<DWph=0> <it= 11> <et=12.10> <Mt= 0.04> <Spt= 0.18> <nCl= 45> <al=0.20> <DB= 1264.7936> <Mlp= 1267.5946> <PB=1292.1> 
    RCSP exact solver info for graph G_1 : TT = 0.131023, pt = 0.001345, dt = 0.109862, ct = 0.019083, ndl = 16', bdl = 225', odl = 2', odf = 47', bsi = 1', cnt = 272', bdch = 5349', odch = 260', lcp = 464', #sols = 150
<DWph=0> <it= 12> <et=12.25> <Mt= 0.01> <Spt= 0.14> <nCl= 52> <al=0.10> <DB= 1266.7048> <Mlp= 1267.5946> <PB=1292.1> 
    RCSP exact solver info for graph G_1 : TT = 0.131301, pt = 0.001356, dt = 0.109505, ct = 0.019667, ndl = 16', bdl = 229', odl = 2', odf = 49', bsi = 1', cnt = 284', bdch = 5502', odch = 271', lcp = 476', #sols = 150
    RCSP exact solver info for graph G_1 : TT = 0.12734, pt = 0.001228, dt = 0.106164, ct = 0.019213, ndl = 16', bdl = 225', odl = 2', odf = 48', bsi = 1', cnt = 288', bdch = 5387', odch = 273', lcp = 464', #sols = 150
<DWph=0> <it= 13> <et=12.54> <Mt= 0.01> <Spt= 0.28> <nCl= 49> <al=0.00> <DB= 1267.5945> <Mlp= 1267.5945> <PB=1292.1> 
Dynamic params and stats :  aver.obdmd = 23.4928 aver.buck.num. = 26 nbR1C = 90 with avMem = 9.28889
@@ 1 10 1267.59 0.134115 0.160915 44.7384 12.54
    Full reduced cost fixing is not called (gap ratio is 0.932697)
ColGenEvalAlg final dual bound: 1267.59 (rounded: 1268)
Gap improvement since the last cut separation : 0.0148866 (1267.22)
Cut generation tailing off counter increased to 1
Current active cuts : CAP(23,1218.88) R1C(7+83,40.6316) 1rowPackR1C(7) 3rowPackR1C(67) 4rowPackR1C(3) 5rowPackR1C(13)
Shrinking heuristic shrunk 10 edges
In total 7 RCC cut(s) are found by the global pool greedy search heuristic 
2 Rank-1 1-rows pack. cuts added ,  max viol. = 0.080644, aver. viol. = 0.0510332
45 Rank-1 3-rows pack. cuts added ,  max viol. = 0.160869, aver. viol. = 0.0654653
Building structures for heuristic rank-1 packing cut separation...done!
47 Rank-1 4-rows pack. cuts added ,  max viol. = 0.160342, aver. viol. = 0.0725713
100 Rank-1 5-rows pack. cuts added ,  max viol. = 0.234416, aver. viol. = 0.119233
----- Add fac. cuts : CAP(7) R1C(194), max.viol = 0.294163, aver.viol = 0.112681, sep/add took 0.844964/0.548426 sec. -----
5083 columns (5083 active), 511 dyn. constrs. (327 active), 1119 art. vars. (463 active)
<DWph=2> <it=  1> <et=14.19> <Mt= 0.17> <Spt= 0.03> <nCl=  4> <al=0.00> <DB= 1267.9156> <Mlp= 1267.9156> <PB=1292.1> 
<DWph=1> <it=  2> <et=14.23> <Mt= 0.01> <Spt= 0.03> <nCl= 11> <al=0.40> <DB= 1258.8876> <Mlp= 1267.9156> <PB=1292.1> 
<DWph=1> <it=  3> <et=14.30> <Mt= 0.04> <Spt= 0.03> <nCl=  3> <al=0.30> <DB= 1264.5670> <Mlp= 1267.9097> <PB=1292.1> 
<DWph=1> <it=  4> <et=14.35> <Mt= 0.03> <Spt= 0.02> <nCl=  6> <al=0.37> <DB= 1266.6399> <Mlp= 1267.9093> <PB=1292.1> 
<DWph=1> <it=  5> <et=14.43> <Mt= 0.03> <Spt= 0.05> <nCl=  0> <al=0.00> <DB= 1267.9082> <Mlp= 1267.9082> <PB=1292.1> 
    RCSP exact solver info for graph G_1 : TT = 0.254127, pt = 0.001785, dt = 0.218315, ct = 0.0332, ndl = 22', bdl = 289', odl = 3', odf = 66', bsi = 1', cnt = 642', bdch = 9572', odch = 598', lcp = 1160', #sols = 150
<DWph=0> <it=  6> <et=14.73> <Mt= 0.00> <Spt= 0.30> <nCl=117> <al=0.33> <DB= 1258.8759> <Mlp= 1267.9082> <PB=1292.1> 
    RCSP exact solver info for graph G_1 : TT = 0.254252, pt = 0.002102, dt = 0.221284, ct = 0.030013, ndl = 21', bdl = 283', odl = 3', odf = 63', bsi = 1', cnt = 508', bdch = 8860', odch = 517', lcp = 1012', #sols = 150
<DWph=0> <it=  7> <et=15.10> <Mt= 0.10> <Spt= 0.26> <nCl= 34> <al=0.23> <DB= 1265.1636> <Mlp= 1267.8816> <PB=1292.1> 
    RCSP exact solver info for graph G_1 : TT = 0.252139, pt = 0.001665, dt = 0.215566, ct = 0.034089, ndl = 21', bdl = 280', odl = 3', odf = 62', bsi = 1', cnt = 480', bdch = 8677', odch = 485', lcp = 983', #sols = 150
    RCSP exact solver info for graph G_1 : TT = 0.253727, pt = 0.002822, dt = 0.22203, ct = 0.027956, ndl = 20', bdl = 274', odl = 3', odf = 60', bsi = 1', cnt = 465', bdch = 8247', odch = 453', lcp = 892', #sols = 150
<DWph=0> <it=  8> <et=15.67> <Mt= 0.04> <Spt= 0.53> <nCl= 52> <al=0.00> <DB= 1267.8786> <Mlp= 1267.8786> <PB=1292.1> 
Dynamic params and stats :  aver.obdmd = 23.4928 aver.buck.num. = 26 nbR1C = 106 with avMem = 9.74528
@@ 1 11 1267.88 0.250613 0.251515 44.7384 15.67
    Full reduced cost fixing is not called (gap ratio is 0.921842)
ColGenEvalAlg final dual bound: 1267.88 (rounded: 1268)
Gap improvement since the last cut separation : 0.0115904 (1267.59)
Cut generation tailing off counter increased to 2
Current active cuts : CAP(25,1151.66) R1C(8+98,47.8019) 1rowPackR1C(8) 3rowPackR1C(63) 4rowPackR1C(14) 5rowPackR1C(21)
Shrinking heuristic shrunk 10 edges
In total 2 RCC cut(s) are found by the global pool greedy search heuristic 
5 Rank-1 1-rows pack. cuts added ,  max viol. = 0.0376186, aver. viol. = 0.0257252
82 Rank-1 3-rows pack. cuts added ,  max viol. = 0.117839, aver. viol. = 0.0377597
Building structures for heuristic rank-1 packing cut separation...done!
47 Rank-1 4-rows pack. cuts added ,  max viol. = 0.106886, aver. viol. = 0.0452455
100 Rank-1 5-rows pack. cuts added ,  max viol. = 0.117573, aver. viol. = 0.0828421
----- Add fac. cuts : CAP(2) R1C(234), max.viol = 0.174363, aver.viol = 0.0709514, sep/add took 1.07255/0.745061 sec. -----
5310 columns (5310 active), 563 dyn. constrs. (373 active), 1355 art. vars. (509 active)
<DWph=2> <it=  1> <et=17.90> <Mt= 0.33> <Spt= 0.04> <nCl= 15> <al=0.00> <DB= 1251.4875> <Mlp= 1268.2172> <PB=1292.1> 
<DWph=2> <it=  2> <et=18.23> <Mt= 0.31> <Spt= 0.04> <nCl=  4> <al=0.00> <DB= 1266.7517> <Mlp= 1268.2068> <PB=1292.1> 
<DWph=2> <it=  3> <et=18.30> <Mt= 0.03> <Spt= 0.03> <nCl=  2> <al=0.00> <DB= 1268.2071> <Mlp= 1268.2071> <PB=1292.1> 
<DWph=1> <it=  4> <et=18.35> <Mt= 0.01> <Spt= 0.03> <nCl= 10> <al=0.20> <DB= 1253.2145> <Mlp= 1268.2071> <PB=1292.1> 
<DWph=1> <it=  5> <et=18.59> <Mt= 0.22> <Spt= 0.03> <nCl=  9> <al=0.10> <DB= 1261.0646> <Mlp= 1268.2034> <PB=1292.1> 
<DWph=1> <it=  6> <et=18.78> <Mt= 0.15> <Spt= 0.04> <nCl=  5> <al=0.19> <DB= 1263.7412> <Mlp= 1268.1973> <PB=1292.1> 
<DWph=1> <it=  7> <et=18.91> <Mt= 0.09> <Spt= 0.03> <nCl=  6> <al=0.27> <DB= 1267.4206> <Mlp= 1268.1960> <PB=1292.1> 
<DWph=1> <it=  8> <et=18.97> <Mt= 0.03> <Spt= 0.04> <nCl=  7> <al=0.17> <DB= 1267.3174> <Mlp= 1268.1960> <PB=1292.1> 
<DWph=1> <it=  9> <et=19.06> <Mt= 0.02> <Spt= 0.07> <nCl=  7> <al=0.00> <DB= 1268.1959> <Mlp= 1268.1959> <PB=1292.1> 
    RCSP exact solver info for graph G_1 : TT = 0.40763, pt = 0.001918, dt = 0.350318, ct = 0.054481, ndl = 29', bdl = 354', odl = 3', odf = 81', bsi = 1', cnt = 1049', bdch = 14720', odch = 920', lcp = 2186', #sols = 150
<DWph=0> <it= 10> <et=19.54> <Mt= 0.01> <Spt= 0.46> <nCl=146> <al=0.15> <DB= 1263.0688> <Mlp= 1268.1960> <PB=1292.1> 
    RCSP exact solver info for graph G_1 : TT = 0.400316, pt = 0.002372, dt = 0.341674, ct = 0.055411, ndl = 29', bdl = 347', odl = 3', odf = 80', bsi = 1', cnt = 976', bdch = 14580', odch = 909', lcp = 2185', #sols = 150
<DWph=0> <it= 11> <et=20.26> <Mt= 0.29> <Spt= 0.43> <nCl= 82> <al=0.24> <DB= 1265.7220> <Mlp= 1268.1917> <PB=1292.1> 
    RCSP exact solver info for graph G_1 : TT = 0.39707, pt = 0.00237, dt = 0.340141, ct = 0.053667, ndl = 28', bdl = 347', odl = 3', odf = 80', bsi = 1', cnt = 928', bdch = 14166', odch = 875', lcp = 2082', #sols = 150
<DWph=0> <it= 12> <et=20.81> <Mt= 0.14> <Spt= 0.42> <nCl= 26> <al=0.31> <DB= 1267.4142> <Mlp= 1268.1911> <PB=1292.1> 
    RCSP exact solver info for graph G_1 : TT = 0.40051, pt = 0.002469, dt = 0.339118, ct = 0.057886, ndl = 29', bdl = 347', odl = 3', odf = 80', bsi = 1', cnt = 978', bdch = 14330', odch = 891', lcp = 2164', #sols = 150
<DWph=0> <it= 13> <et=21.26> <Mt= 0.03> <Spt= 0.42> <nCl= 43> <al=0.21> <DB= 1268.0243> <Mlp= 1268.1911> <PB=1292.1> 
    RCSP exact solver info for graph G_1 : TT = 0.411741, pt = 0.002603, dt = 0.353223, ct = 0.055007, ndl = 28', bdl = 348', odl = 3', odf = 80', bsi = 1', cnt = 938', bdch = 14182', odch = 884', lcp = 2123', #sols = 150
<DWph=0> <it= 14> <et=21.71> <Mt= 0.02> <Spt= 0.42> <nCl= 21> <al=0.11> <DB= 1267.5616> <Mlp= 1268.1911> <PB=1292.1> 
    RCSP exact solver info for graph G_1 : TT = 0.430826, pt = 0.004537, dt = 0.366887, ct = 0.058414, ndl = 29', bdl = 348', odl = 3', odf = 80', bsi = 1', cnt = 1014', bdch = 14152', odch = 901', lcp = 2110', #sols = 150
    RCSP exact solver info for graph G_1 : TT = 0.370557, pt = 0.002082, dt = 0.316383, ct = 0.051233, ndl = 28', bdl = 345', odl = 3', odf = 79', bsi = 1', cnt = 928', bdch = 13932', odch = 860', lcp = 2079', #sols = 150
<DWph=0> <it= 15> <et=22.57> <Mt= 0.02> <Spt= 0.84> <nCl= 59> <al=0.00> <DB= 1268.1911> <Mlp= 1268.1911> <PB=1292.1> 
Dynamic params and stats :  aver.obdmd = 23.4928 aver.buck.num. = 26 nbR1C = 143 with avMem = 10.1399
@@ 1 12 1268.19 0.39912 0.425301 44.7384 22.57
    Full reduced cost fixing is not called (gap ratio is 0.909899)
ColGenEvalAlg final dual bound: 1268.19 (rounded: 1269)
Gap improvement since the last cut separation : 0.0129024 (1267.88)
----- Cut generation is stopped due to tailing off -----
Current active cuts : CAP(22,1092.53) R1C(13+130,52.1974) 1rowPackR1C(13) 3rowPackR1C(74) 4rowPackR1C(21) 5rowPackR1C(35)
**** Strong branching phase 1 is started *****
SB phase 1 cand.  1 branch on EDGE[28,36] (lhs=0.5017): [ 1268.1976,  1268.6405], score = 0.00      <et=23.06>
SB phase 1 cand.  2 branch on EDGE[32,67] (lhs=0.5017): [ 1268.1976,  1268.5883], score = 0.00      <et=23.32>
SB phase 1 cand.  3 branch on EDGE[0,45] (lhs=0.4974) : [ 1268.2097,  1268.2442], score = 0.00      <et=23.58>
SB phase 1 cand.  4 branch on EDGE[0,46] (lhs=0.5033) : [ 1268.3430,  1269.4935], score = 0.20      <et=24.17>
SB phase 1 cand.  5 branch on EDGE[0,52] (lhs=0.5063) : [ 1268.2888,  1268.3524], score = 0.02      <et=24.54>
SB phase 1 cand.  6 branch on EDGE[9,17] (lhs=0.5112) : [ 1268.8633,  1270.5307], score = 1.57      <et=25.2>
SB phase 1 cand.  7 branch on EDGE[36,42] (lhs=0.5125): [ 1268.1981,  1268.6357], score = 0.00      <et=25.47>
SB phase 1 cand.  8 branch on EDGE[32,36] (lhs=0.4875): [ 1268.1982,  1268.5665], score = 0.00      <et=25.69>
SB phase 1 cand.  9 branch on EDGE[7,43] (lhs=0.4826) : [ 1268.3793,  1269.5301], score = 0.25      <et=26.28>
SB phase 1 cand. 10 branch on EDGE[27,65] (lhs=0.5198): [ 1268.4235,  1268.5150], score = 0.08      <et=26.7>
SB phase 1 cand. 11 branch on EDGE[16,59] (lhs=0.4786): [ 1268.4957,  1268.5986], score = 0.12      <et=27.16>
SB phase 1 cand. 12 branch on EDGE[5,13] (lhs=0.5252) : [ 1268.4682,  1268.5150], score = 0.09      <et=27.66>
SB phase 1 cand. 13 branch on EDGE[16,54] (lhs=0.4745): [ 1268.3597,  1268.6086], score = 0.07      <et=28.09>
SB phase 1 cand. 14 branch on EDGE[28,42] (lhs=0.4740): [ 1268.2247,  1268.5435], score = 0.01      <et=28.41>
SB phase 1 cand. 15 branch on EDGE[29,36] (lhs=0.4740): [ 1268.5838,  1269.2309], score = 0.41      <et=28.89>
SB phase 1 cand. 16 branch on EDGE[43,66] (lhs=0.5316): [ 1268.4299,  1268.4745], score = 0.07      <et=29.3>
SB phase 1 cand. 17 branch on EDGE[0,37] (lhs=0.5356) : [ 1268.2029,  1268.5879], score = 0.00      <et=29.56>
SB phase 1 cand. 18 branch on EDGE[0,21] (lhs=0.4589) : [ 1268.3064,  1268.3592], score = 0.02      <et=29.94>
SB phase 1 cand. 19 branch on EDGE[26,61] (lhs=0.5419): [ 1268.6746,  1268.8230], score = 0.31      <et=30.45>
SB phase 1 cand. 20 branch on EDGE[22,51] (lhs=0.5502): [ 1268.2858,  1268.3544], score = 0.02      <et=30.75>
SB phase 1 cand. 21 branch on EDGE[13,66] (lhs=0.4495): [ 1268.2598,  1268.4684], score = 0.02      <et=31.08>
SB phase 1 cand. 22 branch on EDGE[2,8] (lhs=0.4449)  : [ 1268.3071,  1268.4626], score = 0.03      <et=31.41>
SB phase 1 cand. 23 branch on EDGE[0,65] (lhs=0.4405) : [ 1268.4554,  1268.7361], score = 0.14      <et=31.86>
SB phase 1 cand. 24 branch on EDGE[31,64] (lhs=0.5612): [ 1268.6373,  1269.2286], score = 0.46      <et=32.46>
SB phase 1 cand. 25 branch on EDGE[0,64] (lhs=0.4388) : [ 1268.6373,  1269.2286], score = 0.46      <et=33.05>
SB phase 1 cand. 26 branch on EDGE[49,57] (lhs=0.4343): [ 1268.3508,  1268.9070], score = 0.11      <et=33.4>
SB phase 1 cand. 27 branch on EDGE[52,57] (lhs=0.4166): [ 1268.3602,  1268.4365], score = 0.04      <et=33.77>
SB phase 1 cand. 28 branch on EDGE[33,56] (lhs=0.5941): [ 1268.6401,  1268.8173], score = 0.28      <et=34.19>
SB phase 1 cand. 29 branch on EDGE[0,30] (lhs=0.5943) : [ 1268.2971,  1268.3681], score = 0.02      <et=34.52>
SB phase 1 cand. 30 branch on EDGE[8,67] (lhs=0.4013) : [ 1268.4527,  1270.0598], score = 0.49      <et=34.99>
SB phase 1 cand. 31 branch on EDGE[1,4] (lhs=0.6014)  : [ 1268.7255,  1269.1370], score = 0.51      <et=35.49>
SB phase 1 cand. 32 branch on EDGE[35,64] (lhs=0.6021): [ 1268.4443,  1268.6373], score = 0.11      <et=35.85>
SB phase 1 cand. 33 branch on EDGE[8,41] (lhs=0.3945) : [ 1268.2198,  1268.5103], score = 0.01      <et=36.12>
SB phase 1 cand. 34 branch on EDGE[27,64] (lhs=0.3896): [ 1268.3905,  1268.6632], score = 0.09      <et=36.52>
SB phase 1 cand. 35 branch on EDGE[0,27] (lhs=0.6104) : [ 1268.3905,  1268.6632], score = 0.09      <et=36.92>
SB phase 1 cand. 36 branch on EDGE[7,46] (lhs=0.3804) : [ 1268.2274,  1268.6125], score = 0.02      <et=37.21>
SB phase 1 cand. 37 branch on EDGE[20,57] (lhs=0.3756): [ 1268.2518,  1268.7152], score = 0.03      <et=37.58>
SB phase 1 cand. 38 branch on EDGE[0,56] (lhs=0.3711) : [ 1268.5190,  1269.1817], score = 0.32      <et=38.08>
SB phase 1 cand. 39 branch on EDGE[4,31] (lhs=0.3706) : [ 1268.5379,  1269.4203], score = 0.43      <et=38.59>
SB phase 1 cand. 40 branch on EDGE[41,49] (lhs=0.3662): [ 1268.2795,  1268.8038], score = 0.05      <et=38.94>
SB phase 1 cand. 41 branch on EDGE[0,20] (lhs=0.3638) : [ 1268.2938,  1268.3813], score = 0.02      <et=39.26>
SB phase 1 cand. 42 branch on EDGE[37,41] (lhs=0.6395): [ 1268.4240,  1268.7706], score = 0.13      <et=39.58>
SB phase 1 cand. 43 branch on EDGE[16,21] (lhs=0.3565): [ 1268.3103,  1268.7846], score = 0.07      <et=39.97>
SB phase 1 cand. 44 branch on EDGE[15,33] (lhs=0.6460): [ 1268.2040,  1268.5111], score = 0.00      <et=40.25>
SB phase 1 cand. 45 branch on EDGE[34,48] (lhs=0.6517): [ 1268.1934,  1268.2183], score = 0.00      <et=40.41>
SB phase 1 cand. 46 branch on EDGE[0,33] (lhs=0.3371) : [ 1268.5079,  1268.6804], score = 0.16      <et=40.83>
SB phase 1 cand. 47 branch on EDGE[20,52] (lhs=0.3346): [ 1268.2738,  1268.8205], score = 0.05      <et=41.16>
SB phase 1 cand. 48 branch on EDGE[44,45] (lhs=0.3321): [ 1268.1911,  1269.8200], score = 0.00      <et=41.48>
SB phase 1 cand. 49 branch on EDGE[1,56] (lhs=0.6682) : [ 1268.2195,  1268.3969], score = 0.01      <et=41.76>
SB phase 1 cand. 50 branch on EDGE[27,35] (lhs=0.3298): [ 1268.3287,  1269.8645], score = 0.23      <et=42.23>
SB phase 1 cand. 51 branch on EDGE[9,26] (lhs=0.3274) : [ 1268.3648,  1269.6937], score = 0.26      <et=42.66>
SB phase 1 cand. 52 branch on EDGE[0,43] (lhs=0.3231) : [ 1268.1911,  1268.9392], score = 0.00      <et=42.93>
SB phase 1 cand. 53 branch on EDGE[5,43] (lhs=0.3225) : [ 1268.1911,  1269.7289], score = 0.00      <et=43.24>
SB phase 1 cand. 54 branch on EDGE[51,57] (lhs=0.3196): [ 1268.2396,  1268.8020], score = 0.03      <et=43.59>
SB phase 1 cand. 55 branch on EDGE[21,54] (lhs=0.3151): [ 1268.2443,  1268.8181], score = 0.03      <et=43.89>
SB phase 1 cand. 56 branch on EDGE[0,1] (lhs=0.3142)  : [ 1268.3050,  1269.5491], score = 0.15      <et=44.26>
SB phase 1 cand. 57 branch on EDGE[26,52] (lhs=0.3083): [ 1268.2650,  1268.7172], score = 0.04      <et=44.57>
SB phase 1 cand. 58 branch on EDGE[8,37] (lhs=0.2979) : [ 1268.2243,  1268.6224], score = 0.01      <et=44.85>
SB phase 1 cand. 59 branch on EDGE[20,26] (lhs=0.2832): [ 1268.3363,  1268.6626], score = 0.07      <et=45.22>
SB phase 1 cand. 60 branch on EDGE[2,37] (lhs=0.2765) : [ 1268.2517,  1268.6000], score = 0.02      <et=45.52>
SB phase 1 cand. 61 branch on EDGE[12,21] (lhs=0.2691): [ 1268.1962,  1268.7425], score = 0.00      <et=45.79>
SB phase 1 cand. 62 branch on EDGE[17,49] (lhs=0.2628): [ 1268.2678,  1269.9529], score = 0.14      <et=46.17>
SB phase 1 cand. 63 branch on EDGE[21,30] (lhs=0.2598): [ 1268.2752,  1268.6029], score = 0.03      <et=46.57>
SB phase 1 cand. 64 branch on EDGE[44,59] (lhs=0.2554): [ 1268.1914,  1268.6227], score = 0.00      <et=46.85>
SB phase 1 cand. 65 branch on EDGE[8,29] (lhs=0.2488) : [ 1268.2379,  1269.2507], score = 0.05      <et=47.2>
SB phase 1 cand. 66 branch on EDGE[12,59] (lhs=0.2483): [ 1268.1978,  1268.6031], score = 0.00      <et=47.46>
SB phase 1 cand. 67 branch on EDGE[2,41] (lhs=0.2474) : [ 1268.1918,  1269.0042], score = 0.00      <et=47.72>
SB phase 1 cand. 68 branch on EDGE[30,59] (lhs=0.7557): [ 1268.2751,  1268.7542], score = 0.05      <et=48.12>
SB phase 1 cand. 69 branch on EDGE[44,48] (lhs=0.2348): [ 1268.1911,  1268.2407], score = 0.00      <et=48.27>
SB phase 1 cand. 70 branch on EDGE[22,61] (lhs=0.2200): [ 1268.1911,  1268.8430], score = 0.00      <et=48.53>
SB phase 1 cand. 71 branch on EDGE[12,16] (lhs=0.2099): [ 1268.1911,  1269.2147], score = 0.00      <et=48.78>
SB phase 1 cand. 72 branch on EDGE[0,12] (lhs=0.1953) : [ 1268.2065,  1268.2494], score = 0.00      <et=48.98>
SB phase 1 cand. 73 branch on EDGE[33,52] (lhs=0.1946): [ 1268.2029,  1269.2593], score = 0.01      <et=49.35>
SB phase 1 cand. 74 branch on EDGE[65,66] (lhs=0.8057): [ 1268.2747,  1268.4122], score = 0.02      <et=49.72>
SB phase 1 cand. 75 branch on EDGE[20,49] (lhs=0.1858): [ 1268.2454,  1269.2693], score = 0.06      <et=50.12>
SB phase 1 cand. 76 branch on EDGE[1,49] (lhs=0.1812) : [ 1268.2402,  1271.4665], score = 0.16      <et=50.63>
SB phase 1 cand. 77 branch on EDGE[0,17] (lhs=0.8207) : [ 1268.2456,  1268.6301], score = 0.02      <et=51>
SB phase 1 cand. 78 branch on EDGE[20,56] (lhs=0.1768): [ 1268.2185,  1272.1066], score = 0.11      <et=51.46>
SB phase 1 cand. 79 branch on EDGE[16,30] (lhs=0.1660): [ 1268.2297,  1268.9787], score = 0.03      <et=51.84>
SB phase 1 cand. 80 branch on EDGE[16,34] (lhs=0.1654): [ 1268.1911,  1268.5584], score = 0.00      <et=52.09>
SB phase 1 cand. 81 branch on EDGE[2,22] (lhs=0.8407) : [ 1268.2616,  1269.3881], score = 0.08      <et=52.56>
SB phase 1 cand. 82 branch on EDGE[7,47] (lhs=0.8419) : [ 1268.2688,  1268.6993], score = 0.04      <et=52.95>
SB phase 1 cand. 83 branch on EDGE[0,7] (lhs=0.1574)  : [ 1268.2652,  1268.7141], score = 0.04      <et=53.38>
SB phase 1 cand. 84 branch on EDGE[30,54] (lhs=0.1456): [ 1268.2451,  1268.8721], score = 0.04      <et=53.7>
SB phase 1 cand. 85 branch on EDGE[43,65] (lhs=0.1452): [ 1268.2583,  1268.4432], score = 0.02      <et=54.03>
SB phase 1 cand. 86 branch on EDGE[22,49] (lhs=0.1446): [ 1268.2727,  1269.2896], score = 0.09      <et=54.4>
SB phase 1 cand. 87 branch on EDGE[26,57] (lhs=0.1434): [ 1268.2385,  1270.6518], score = 0.12      <et=54.89>
SB phase 1 cand. 88 branch on EDGE[0,26] (lhs=0.1421) : [ 1268.2145,  1269.0717], score = 0.02      <et=55.26>
SB phase 1 cand. 89 branch on EDGE[16,44] (lhs=0.1332): [ 1268.1911,  1268.5503], score = 0.00      <et=55.51>
SB phase 1 cand. 90 branch on EDGE[43,46] (lhs=0.1325): [ 1268.2446,  1268.4660], score = 0.01      <et=55.86>
SB phase 1 cand. 91 branch on EDGE[15,17] (lhs=0.1263): [ 1268.2217,  1270.5753], score = 0.07      <et=56.3>
SB phase 1 cand. 92 branch on EDGE[29,41] (lhs=0.1184): [ 1268.2124,  1269.5149], score = 0.03      <et=56.7>
SB phase 1 cand. 93 branch on EDGE[29,37] (lhs=0.1173): [ 1268.2093,  1269.3042], score = 0.02      <et=57.04>
SB phase 1 cand. 94 branch on EDGE[0,47] (lhs=0.8879) : [ 1268.2525,  1269.3105], score = 0.07      <et=57.48>
SB phase 1 cand. 95 branch on EDGE[2,49] (lhs=0.1092) : [ 1268.2457,  1269.9428], score = 0.10      <et=57.88>
SB phase 1 cand. 96 branch on EDGE[27,66] (lhs=0.1089): [ 1268.2425,  1269.5150], score = 0.07      <et=58.27>
SB phase 1 cand. 97 branch on EDGE[17,57] (lhs=0.1088): [ 1268.2098,  1271.5316], score = 0.06      <et=58.69>
SB phase 1 cand. 98 branch on EDGE[7,21] (lhs=0.1031) : [ 1268.2330,  1274.6384], score = 0.27      <et=59.24>
SB phase 1 cand. 99 branch on EDGE[22,57] (lhs=0.1007): [ 1268.2314,  1270.3482], score = 0.09      <et=59.67>
SB phase 1 cand. 100 branch on EDGE[13,46] (lhs=0.9010): [ 1268.2496,  1269.2279], score = 0.06      <et=60.1>
**** Strong branching phase 2 is started *****
#<DWph=1> <it= 14> <et=61.41> <Mt= 0.89> <Spt= 0.38> <nCl=179> <al=0.00> <DB= 1269.7730> <Mlp= 1269.7730> <PB=1292.1> 
##<DWph=1> <it= 11> <et=62.40> <Mt= 0.63> <Spt= 0.31> <nCl= 65> <al=0.00> <DB= 1268.8105> <Mlp= 1268.8105> <PB=1292.1> 
SB phase 2 cand.  1 branch on EDGE[9,17] (lhs=0.5112): [ 1268.8105,  1269.7730], score = 0.98      <et=62.4>
#<DWph=1> <it= 12> <et=63.38> <Mt= 0.57> <Spt= 0.38> <nCl= 59> <al=0.00> <DB= 1268.9253> <Mlp= 1268.9253> <PB=1292.1> 
#<DWph=1> <it=  8> <et=63.91> <Mt= 0.23> <Spt= 0.26> <nCl= 27> <al=0.00> <DB= 1268.6818> <Mlp= 1268.6818> <PB=1292.1> 
SB phase 2 cand.  2 branch on EDGE[1,4] (lhs=0.6014) : [ 1268.6818,  1268.9253], score = 0.36      <et=63.92>
#####<DWph=1> <it= 26> <et=66.41> <Mt= 1.77> <Spt= 0.68> <nCl=226> <al=0.00> <DB= 1269.4765> <Mlp= 1269.4765> <PB=1292.1> 
#<DWph=1> <it=  8> <et=67.15> <Mt= 0.40> <Spt= 0.29> <nCl= 63> <al=0.00> <DB= 1268.4200> <Mlp= 1268.4200> <PB=1292.1> 
SB phase 2 cand.  3 branch on EDGE[8,67] (lhs=0.4013): [ 1268.4200,  1269.4765], score = 0.29      <et=67.16>
**** Strong branching phase 3 is started *****
**** SB phase 3 evaluation of candidate 1, branch 1 ( EDGE[9,17] >= 1 ), value = 1269.77
#<DWph=2> <it=  1> <et=67.41> <Mt= 0.19> <Spt= 0.03> <nCl= 11> <al=0.00> <DB= 1263.7149> <Mlp= 1269.7529> <PB=1292.1> 
Global time limit is reached during column generation
ColGenEvalAlg final dual bound: 1268.19 (rounded: 1269)
Current active cuts : CAP(19,969.273) R1C(9+77,57.4388) 1rowPackR1C(9) 3rowPackR1C(43) 4rowPackR1C(17) 5rowPackR1C(17)
4 Rank-1 1-rows pack. cuts added ,  max viol. = 0.0393758, aver. viol. = 0.030954
150 Rank-1 3-rows pack. cuts added ,  max viol. = 0.259956, aver. viol. = 0.0663813
Shrinking heuristic shrunk 4 edges
In total 2 RCC cut(s) are found by the shrinking heuristic 
In total 1 RCC cut(s) are found by the Fractional capacity min-cut heuristic 
In total 45 RCC cut(s) are found by the greedy construction heuristic 
In total 33 RCC cut(s) are found by the global pool greedy search heuristic 
----- Add fac. cuts : CAP(81) R1C(154), max.viol = 0.279674, aver.viol = 0.0467971, zero viol = 51, sep/add took 0.0457457/0.942004 sec. -----
6382 columns (5942 active), 416 dyn. constrs. (411 active), 552 art. vars. (547 active)
#<DWph=2> <it=  1> <et=74.04> <Mt= 5.61> <Spt= 0.02> <nCl= 16> <al=0.50> <DB= 1246.9750> <Mlp= 1270.8188> <PB=1292.1> 
Global time limit is reached during column generation
ColGenEvalAlg final dual bound: 1268.19 (rounded: 1269)
Gap improvement since the last cut separation : 0.0476959 (1269.75)
----- Cut generation stopped by global time limit
Current active cuts : CAP(22,895.114) R1C(12+112,115.511) 1rowPackR1C(12) 3rowPackR1C(81) 4rowPackR1C(12) 5rowPackR1C(19)
**** SB phase 3 evaluation of candidate 1, branch 2 ( EDGE[9,17] <= 0 ), value = 1268.81
#<DWph=2> <it=  1> <et=74.26> <Mt= 0.13> <Spt= 0.03> <nCl=  7> <al=0.00> <DB= 1268.7920> <Mlp= 1268.7920> <PB=1292.1> 
<DWph=2> <it=  2> <et=74.27> <Mt= 0.01> <Spt= 0.00> <nCl=  0> <al=0.40> <DB= 1268.7920> <Mlp= 1268.8105> <PB=1292.1> 
<DWph=1> <it=  3> <et=74.30> <Mt= 0.00> <Spt= 0.03> <nCl=  2> <al=0.40> <DB= 1267.6911> <Mlp= 1268.8105> <PB=1292.1> 
Global time limit is reached during column generation
ColGenEvalAlg final dual bound: 1268.19 (rounded: 1269)
Current active cuts : CAP(21,1122.44) R1C(10+74,44.3052) 1rowPackR1C(10) 3rowPackR1C(39) 4rowPackR1C(12) 5rowPackR1C(23)
1 Rank-1 1-rows pack. cuts added ,  max viol. = 0.0555944, aver. viol. = 0.0555944
64 Rank-1 3-rows pack. cuts added ,  max viol. = 0.226198, aver. viol. = 0.0636733
Building structures for heuristic rank-1 packing cut separation...done!
58 Rank-1 4-rows pack. cuts added ,  max viol. = 0.120569, aver. viol. = 0.0642588
100 Rank-1 5-rows pack. cuts added ,  max viol. = 0.140342, aver. viol. = 0.119186
Shrinking heuristic shrunk 11 edges
In total 1 RCC cut(s) are found by the Fractional capacity min-cut heuristic 
In total 2 RCC cut(s) are found by the greedy construction heuristic 
In total 2 RCC cut(s) are found by the global pool greedy search heuristic 
----- Add fac. cuts : CAP(5) R1C(223), max.viol = 0.226198, aver.viol = 0.0880817, sep/add took 0.85816/0.772932 sec. -----
6032 columns (5826 active), 640 dyn. constrs. (404 active), 776 art. vars. (540 active)
#<DWph=2> <it=  1> <et=80.76> <Mt= 4.80> <Spt= 0.02> <nCl= 11> <al=0.50> <DB= 1255.7505> <Mlp= 1268.9109> <PB=1292.1> 
Global time limit is reached during column generation
ColGenEvalAlg final dual bound: 1268.19 (rounded: 1269)
Gap improvement since the last cut separation : 0.00431347 (1268.81)
----- Cut generation stopped by global time limit
Current active cuts : CAP(18,1097.44) R1C(9+91,65.3352) 1rowPackR1C(9) 3rowPackR1C(46) 4rowPackR1C(19) 5rowPackR1C(26)
SB exact phase 3 branch on EDGE[9,17] (lhs=0.511216) : [1e+12, 1e+12], tree depth = 1, tree size = 2, score = -0.042
SB with phases chosed candidate EDGE[9,17] (lhs=0.511216)
************************************************************************************************
**** BaB tree node (N° 2, parent N° 1, depth 1, treatOrderId 208)
**** Local DB = 1268.19, global bounds : [ 1269 , 1292.1 ], TIME = 0h1m20s78t = 8078
**** 2 open nodes, 6043 columns (5837 active), 640 dyn. constrs. (404 active), 776 art. vars. (540 active)
************************************************************************************************
************************************************************************************************
**** BaB tree node (N° 3, parent N° 1, depth 1, treatOrderId 209)
**** Local DB = 1268.19, global bounds : [ 1269 , 1292.1 ], TIME = 0h1m20s78t = 8078
**** 1 open nodes, 6043 columns (5837 active), 640 dyn. constrs. (404 active), 776 art. vars. (540 active)
************************************************************************************************
************************************************************************************************
Search is finished, global bounds : [ 1269 , 1292.1 ], TIME = 0h1m20s78t = 8078
************************************************************************************************
instance_name solver_name ext_heuristic solution_value solution_time best_lb root_lb root_time nb_branch_and_bound_nodes
/home/eduardo/VRPSolverEasy/VRPSolverEasy/demos/data/CVRP/B-n68-k9 CLP True 0.0 80.78315164700001 1269.0 1269.0 22.720216796 3

